{"/Users/feliu/Desktop/APPs/pimpam/client/ios/App/App/public/cordova.js": {"path":"/Users/feliu/Desktop/APPs/pimpam/client/ios/App/App/public/cordova.js","all":true,"statementMap":{},"s":{},"branchMap":{"0":{"type":"branch","line":1,"loc":{"start":{"line":1,"column":0},"end":{"line":1,"column":0}},"locations":[{"start":{"line":1,"column":0},"end":{"line":1,"column":0}}]}},"b":{"0":[1]},"fnMap":{"0":{"name":"(empty-report)","decl":{"start":{"line":1,"column":0},"end":{"line":1,"column":0}},"loc":{"start":{"line":1,"column":0},"end":{"line":1,"column":0}},"line":1}},"f":{"0":1}}
,"/Users/feliu/Desktop/APPs/pimpam/client/ios/App/App/public/cordova_plugins.js": {"path":"/Users/feliu/Desktop/APPs/pimpam/client/ios/App/App/public/cordova_plugins.js","all":true,"statementMap":{},"s":{},"branchMap":{"0":{"type":"branch","line":1,"loc":{"start":{"line":1,"column":0},"end":{"line":1,"column":0}},"locations":[{"start":{"line":1,"column":0},"end":{"line":1,"column":0}}]}},"b":{"0":[1]},"fnMap":{"0":{"name":"(empty-report)","decl":{"start":{"line":1,"column":0},"end":{"line":1,"column":0}},"loc":{"start":{"line":1,"column":0},"end":{"line":1,"column":0}},"line":1}},"f":{"0":1}}
,"/Users/feliu/Desktop/APPs/pimpam/client/ios/App/App/public/sw.js": {"path":"/Users/feliu/Desktop/APPs/pimpam/client/ios/App/App/public/sw.js","all":true,"statementMap":{"0":{"start":{"line":1,"column":0},"end":{"line":1,"column":5427}}},"s":{"0":0},"branchMap":{"0":{"type":"branch","line":1,"loc":{"start":{"line":1,"column":5427},"end":{"line":1,"column":5427}},"locations":[{"start":{"line":1,"column":5427},"end":{"line":1,"column":5427}}]}},"b":{"0":[0]},"fnMap":{"0":{"name":"(empty-report)","decl":{"start":{"line":1,"column":5427},"end":{"line":1,"column":5427}},"loc":{"start":{"line":1,"column":5427},"end":{"line":1,"column":5427}},"line":1}},"f":{"0":0}}
,"/Users/feliu/Desktop/APPs/pimpam/client/ios/App/App/public/workbox-e8238316.js": {"path":"/Users/feliu/Desktop/APPs/pimpam/client/ios/App/App/public/workbox-e8238316.js","all":true,"statementMap":{"0":{"start":{"line":1,"column":0},"end":{"line":1,"column":22624}}},"s":{"0":0},"branchMap":{"0":{"type":"branch","line":1,"loc":{"start":{"line":1,"column":22624},"end":{"line":1,"column":22624}},"locations":[{"start":{"line":1,"column":22624},"end":{"line":1,"column":22624}}]}},"b":{"0":[0]},"fnMap":{"0":{"name":"(empty-report)","decl":{"start":{"line":1,"column":22624},"end":{"line":1,"column":22624}},"loc":{"start":{"line":1,"column":22624},"end":{"line":1,"column":22624}},"line":1}},"f":{"0":0}}
,"/Users/feliu/Desktop/APPs/pimpam/client/ios/App/App/public/assets/AccountSettings-CCsTpcZK.js": {"path":"/Users/feliu/Desktop/APPs/pimpam/client/ios/App/App/public/assets/AccountSettings-CCsTpcZK.js","all":true,"statementMap":{"0":{"start":{"line":1,"column":0},"end":{"line":1,"column":5406}}},"s":{"0":0},"branchMap":{"0":{"type":"branch","line":1,"loc":{"start":{"line":1,"column":0},"end":{"line":1,"column":3738}},"locations":[{"start":{"line":1,"column":0},"end":{"line":1,"column":3738}}]}},"b":{"0":[0]},"fnMap":{"0":{"name":"(empty-report)","decl":{"start":{"line":1,"column":0},"end":{"line":1,"column":3738}},"loc":{"start":{"line":1,"column":0},"end":{"line":1,"column":3738}},"line":1}},"f":{"0":0}}
,"/Users/feliu/Desktop/APPs/pimpam/client/ios/App/App/public/assets/Auth.module-D9qQTAjc.js": {"path":"/Users/feliu/Desktop/APPs/pimpam/client/ios/App/App/public/assets/Auth.module-D9qQTAjc.js","all":true,"statementMap":{"0":{"start":{"line":1,"column":0},"end":{"line":1,"column":196}}},"s":{"0":0},"branchMap":{"0":{"type":"branch","line":1,"loc":{"start":{"line":1,"column":196},"end":{"line":1,"column":196}},"locations":[{"start":{"line":1,"column":196},"end":{"line":1,"column":196}}]}},"b":{"0":[0]},"fnMap":{"0":{"name":"(empty-report)","decl":{"start":{"line":1,"column":196},"end":{"line":1,"column":196}},"loc":{"start":{"line":1,"column":196},"end":{"line":1,"column":196}},"line":1}},"f":{"0":0}}
,"/Users/feliu/Desktop/APPs/pimpam/client/ios/App/App/public/assets/Avatar-BtAsWYgD.js": {"path":"/Users/feliu/Desktop/APPs/pimpam/client/ios/App/App/public/assets/Avatar-BtAsWYgD.js","all":true,"statementMap":{"0":{"start":{"line":1,"column":0},"end":{"line":1,"column":782}}},"s":{"0":0},"branchMap":{"0":{"type":"branch","line":1,"loc":{"start":{"line":1,"column":0},"end":{"line":1,"column":655}},"locations":[{"start":{"line":1,"column":0},"end":{"line":1,"column":655}}]}},"b":{"0":[0]},"fnMap":{"0":{"name":"(empty-report)","decl":{"start":{"line":1,"column":0},"end":{"line":1,"column":655}},"loc":{"start":{"line":1,"column":0},"end":{"line":1,"column":655}},"line":1}},"f":{"0":0}}
,"/Users/feliu/Desktop/APPs/pimpam/client/ios/App/App/public/assets/CloseIcon-TLfDiRjv.js": {"path":"/Users/feliu/Desktop/APPs/pimpam/client/ios/App/App/public/assets/CloseIcon-TLfDiRjv.js","all":true,"statementMap":{"0":{"start":{"line":1,"column":0},"end":{"line":1,"column":337}}},"s":{"0":0},"branchMap":{"0":{"type":"branch","line":1,"loc":{"start":{"line":1,"column":0},"end":{"line":1,"column":251}},"locations":[{"start":{"line":1,"column":0},"end":{"line":1,"column":251}}]}},"b":{"0":[0]},"fnMap":{"0":{"name":"(empty-report)","decl":{"start":{"line":1,"column":0},"end":{"line":1,"column":251}},"loc":{"start":{"line":1,"column":0},"end":{"line":1,"column":251}},"line":1}},"f":{"0":0}}
,"/Users/feliu/Desktop/APPs/pimpam/client/ios/App/App/public/assets/Communities-ClnKdOeR.js": {"path":"/Users/feliu/Desktop/APPs/pimpam/client/ios/App/App/public/assets/Communities-ClnKdOeR.js","all":true,"statementMap":{"0":{"start":{"line":1,"column":0},"end":{"line":1,"column":4337}}},"s":{"0":0},"branchMap":{"0":{"type":"branch","line":1,"loc":{"start":{"line":1,"column":0},"end":{"line":1,"column":3177}},"locations":[{"start":{"line":1,"column":0},"end":{"line":1,"column":3177}}]}},"b":{"0":[0]},"fnMap":{"0":{"name":"(empty-report)","decl":{"start":{"line":1,"column":0},"end":{"line":1,"column":3177}},"loc":{"start":{"line":1,"column":0},"end":{"line":1,"column":3177}},"line":1}},"f":{"0":0}}
,"/Users/feliu/Desktop/APPs/pimpam/client/ios/App/App/public/assets/CommunityCard-D_NoRQqR.js": {"path":"/Users/feliu/Desktop/APPs/pimpam/client/ios/App/App/public/assets/CommunityCard-D_NoRQqR.js","all":true,"statementMap":{"0":{"start":{"line":1,"column":0},"end":{"line":1,"column":896}}},"s":{"0":0},"branchMap":{"0":{"type":"branch","line":1,"loc":{"start":{"line":1,"column":0},"end":{"line":1,"column":632}},"locations":[{"start":{"line":1,"column":0},"end":{"line":1,"column":632}}]}},"b":{"0":[0]},"fnMap":{"0":{"name":"(empty-report)","decl":{"start":{"line":1,"column":0},"end":{"line":1,"column":632}},"loc":{"start":{"line":1,"column":0},"end":{"line":1,"column":632}},"line":1}},"f":{"0":0}}
,"/Users/feliu/Desktop/APPs/pimpam/client/ios/App/App/public/assets/CommunityPage-tKTwG0oe.js": {"path":"/Users/feliu/Desktop/APPs/pimpam/client/ios/App/App/public/assets/CommunityPage-tKTwG0oe.js","all":true,"statementMap":{"0":{"start":{"line":1,"column":0},"end":{"line":1,"column":3271}}},"s":{"0":0},"branchMap":{"0":{"type":"branch","line":1,"loc":{"start":{"line":1,"column":0},"end":{"line":1,"column":2130}},"locations":[{"start":{"line":1,"column":0},"end":{"line":1,"column":2130}}]}},"b":{"0":[0]},"fnMap":{"0":{"name":"(empty-report)","decl":{"start":{"line":1,"column":0},"end":{"line":1,"column":2130}},"loc":{"start":{"line":1,"column":0},"end":{"line":1,"column":2130}},"line":1}},"f":{"0":0}}
,"/Users/feliu/Desktop/APPs/pimpam/client/ios/App/App/public/assets/ComposePost-ONH8TFb4.js": {"path":"/Users/feliu/Desktop/APPs/pimpam/client/ios/App/App/public/assets/ComposePost-ONH8TFb4.js","all":true,"statementMap":{"0":{"start":{"line":1,"column":0},"end":{"line":1,"column":3453}}},"s":{"0":0},"branchMap":{"0":{"type":"branch","line":1,"loc":{"start":{"line":1,"column":0},"end":{"line":1,"column":2526}},"locations":[{"start":{"line":1,"column":0},"end":{"line":1,"column":2526}}]}},"b":{"0":[0]},"fnMap":{"0":{"name":"(empty-report)","decl":{"start":{"line":1,"column":0},"end":{"line":1,"column":2526}},"loc":{"start":{"line":1,"column":0},"end":{"line":1,"column":2526}},"line":1}},"f":{"0":0}}
,"/Users/feliu/Desktop/APPs/pimpam/client/ios/App/App/public/assets/DataSettings-BsOUWhzP.js": {"path":"/Users/feliu/Desktop/APPs/pimpam/client/ios/App/App/public/assets/DataSettings-BsOUWhzP.js","all":true,"statementMap":{"0":{"start":{"line":1,"column":0},"end":{"line":1,"column":3040}}},"s":{"0":0},"branchMap":{"0":{"type":"branch","line":1,"loc":{"start":{"line":1,"column":0},"end":{"line":1,"column":2195}},"locations":[{"start":{"line":1,"column":0},"end":{"line":1,"column":2195}}]}},"b":{"0":[0]},"fnMap":{"0":{"name":"(empty-report)","decl":{"start":{"line":1,"column":0},"end":{"line":1,"column":2195}},"loc":{"start":{"line":1,"column":0},"end":{"line":1,"column":2195}},"line":1}},"f":{"0":0}}
,"/Users/feliu/Desktop/APPs/pimpam/client/ios/App/App/public/assets/Discover-b50zzE5i.js": {"path":"/Users/feliu/Desktop/APPs/pimpam/client/ios/App/App/public/assets/Discover-b50zzE5i.js","all":true,"statementMap":{"0":{"start":{"line":1,"column":0},"end":{"line":1,"column":3392}}},"s":{"0":0},"branchMap":{"0":{"type":"branch","line":1,"loc":{"start":{"line":1,"column":0},"end":{"line":1,"column":2308}},"locations":[{"start":{"line":1,"column":0},"end":{"line":1,"column":2308}}]}},"b":{"0":[0]},"fnMap":{"0":{"name":"(empty-report)","decl":{"start":{"line":1,"column":0},"end":{"line":1,"column":2308}},"loc":{"start":{"line":1,"column":0},"end":{"line":1,"column":2308}},"line":1}},"f":{"0":0}}
,"/Users/feliu/Desktop/APPs/pimpam/client/ios/App/App/public/assets/ExternalLinkIcon-rXoNYG9N.js": {"path":"/Users/feliu/Desktop/APPs/pimpam/client/ios/App/App/public/assets/ExternalLinkIcon-rXoNYG9N.js","all":true,"statementMap":{"0":{"start":{"line":1,"column":0},"end":{"line":1,"column":4616}}},"s":{"0":0},"branchMap":{"0":{"type":"branch","line":1,"loc":{"start":{"line":1,"column":0},"end":{"line":1,"column":3490}},"locations":[{"start":{"line":1,"column":0},"end":{"line":1,"column":3490}}]}},"b":{"0":[0]},"fnMap":{"0":{"name":"(empty-report)","decl":{"start":{"line":1,"column":0},"end":{"line":1,"column":3490}},"loc":{"start":{"line":1,"column":0},"end":{"line":1,"column":3490}},"line":1}},"f":{"0":0}}
,"/Users/feliu/Desktop/APPs/pimpam/client/ios/App/App/public/assets/Feed-BTCH1413.js": {"path":"/Users/feliu/Desktop/APPs/pimpam/client/ios/App/App/public/assets/Feed-BTCH1413.js","all":true,"statementMap":{"0":{"start":{"line":1,"column":0},"end":{"line":1,"column":13256}}},"s":{"0":0},"branchMap":{"0":{"type":"branch","line":1,"loc":{"start":{"line":1,"column":0},"end":{"line":1,"column":10445}},"locations":[{"start":{"line":1,"column":0},"end":{"line":1,"column":10445}}]}},"b":{"0":[0]},"fnMap":{"0":{"name":"(empty-report)","decl":{"start":{"line":1,"column":0},"end":{"line":1,"column":10445}},"loc":{"start":{"line":1,"column":0},"end":{"line":1,"column":10445}},"line":1}},"f":{"0":0}}
,"/Users/feliu/Desktop/APPs/pimpam/client/ios/App/App/public/assets/ForgotPassword-MVdrQyGi.js": {"path":"/Users/feliu/Desktop/APPs/pimpam/client/ios/App/App/public/assets/ForgotPassword-MVdrQyGi.js","all":true,"statementMap":{"0":{"start":{"line":1,"column":0},"end":{"line":1,"column":1376}}},"s":{"0":0},"branchMap":{"0":{"type":"branch","line":1,"loc":{"start":{"line":1,"column":0},"end":{"line":1,"column":857}},"locations":[{"start":{"line":1,"column":0},"end":{"line":1,"column":857}}]}},"b":{"0":[0]},"fnMap":{"0":{"name":"(empty-report)","decl":{"start":{"line":1,"column":0},"end":{"line":1,"column":857}},"loc":{"start":{"line":1,"column":0},"end":{"line":1,"column":857}},"line":1}},"f":{"0":0}}
,"/Users/feliu/Desktop/APPs/pimpam/client/ios/App/App/public/assets/FriendGroupSettings-D499GNUy.js": {"path":"/Users/feliu/Desktop/APPs/pimpam/client/ios/App/App/public/assets/FriendGroupSettings-D499GNUy.js","all":true,"statementMap":{"0":{"start":{"line":1,"column":0},"end":{"line":1,"column":2375}}},"s":{"0":0},"branchMap":{"0":{"type":"branch","line":1,"loc":{"start":{"line":1,"column":0},"end":{"line":1,"column":1494}},"locations":[{"start":{"line":1,"column":0},"end":{"line":1,"column":1494}}]}},"b":{"0":[0]},"fnMap":{"0":{"name":"(empty-report)","decl":{"start":{"line":1,"column":0},"end":{"line":1,"column":1494}},"loc":{"start":{"line":1,"column":0},"end":{"line":1,"column":1494}},"line":1}},"f":{"0":0}}
,"/Users/feliu/Desktop/APPs/pimpam/client/ios/App/App/public/assets/Friends-B24riqSz.js": {"path":"/Users/feliu/Desktop/APPs/pimpam/client/ios/App/App/public/assets/Friends-B24riqSz.js","all":true,"statementMap":{"0":{"start":{"line":1,"column":0},"end":{"line":1,"column":7122}}},"s":{"0":0},"branchMap":{"0":{"type":"branch","line":1,"loc":{"start":{"line":1,"column":0},"end":{"line":1,"column":5371}},"locations":[{"start":{"line":1,"column":0},"end":{"line":1,"column":5371}}]}},"b":{"0":[0]},"fnMap":{"0":{"name":"(empty-report)","decl":{"start":{"line":1,"column":0},"end":{"line":1,"column":5371}},"loc":{"start":{"line":1,"column":0},"end":{"line":1,"column":5371}},"line":1}},"f":{"0":0}}
,"/Users/feliu/Desktop/APPs/pimpam/client/ios/App/App/public/assets/Header-XdYRMuO-.js": {"path":"/Users/feliu/Desktop/APPs/pimpam/client/ios/App/App/public/assets/Header-XdYRMuO-.js","all":true,"statementMap":{"0":{"start":{"line":1,"column":0},"end":{"line":1,"column":320}}},"s":{"0":0},"branchMap":{"0":{"type":"branch","line":1,"loc":{"start":{"line":1,"column":0},"end":{"line":1,"column":238}},"locations":[{"start":{"line":1,"column":0},"end":{"line":1,"column":238}}]}},"b":{"0":[0]},"fnMap":{"0":{"name":"(empty-report)","decl":{"start":{"line":1,"column":0},"end":{"line":1,"column":238}},"loc":{"start":{"line":1,"column":0},"end":{"line":1,"column":238}},"line":1}},"f":{"0":0}}
,"/Users/feliu/Desktop/APPs/pimpam/client/ios/App/App/public/assets/Login-DdcwYbcd.js": {"path":"/Users/feliu/Desktop/APPs/pimpam/client/ios/App/App/public/assets/Login-DdcwYbcd.js","all":true,"statementMap":{"0":{"start":{"line":1,"column":0},"end":{"line":1,"column":1832}}},"s":{"0":0},"branchMap":{"0":{"type":"branch","line":1,"loc":{"start":{"line":1,"column":0},"end":{"line":1,"column":1341}},"locations":[{"start":{"line":1,"column":0},"end":{"line":1,"column":1341}}]}},"b":{"0":[0]},"fnMap":{"0":{"name":"(empty-report)","decl":{"start":{"line":1,"column":0},"end":{"line":1,"column":1341}},"loc":{"start":{"line":1,"column":0},"end":{"line":1,"column":1341}},"line":1}},"f":{"0":0}}
,"/Users/feliu/Desktop/APPs/pimpam/client/ios/App/App/public/assets/LoginTotp-dDYeu66c.js": {"path":"/Users/feliu/Desktop/APPs/pimpam/client/ios/App/App/public/assets/LoginTotp-dDYeu66c.js","all":true,"statementMap":{"0":{"start":{"line":1,"column":0},"end":{"line":1,"column":1676}}},"s":{"0":0},"branchMap":{"0":{"type":"branch","line":1,"loc":{"start":{"line":1,"column":0},"end":{"line":1,"column":1161}},"locations":[{"start":{"line":1,"column":0},"end":{"line":1,"column":1161}}]}},"b":{"0":[0]},"fnMap":{"0":{"name":"(empty-report)","decl":{"start":{"line":1,"column":0},"end":{"line":1,"column":1161}},"loc":{"start":{"line":1,"column":0},"end":{"line":1,"column":1161}},"line":1}},"f":{"0":0}}
,"/Users/feliu/Desktop/APPs/pimpam/client/ios/App/App/public/assets/MessageThread-CEmjTF9b.js": {"path":"/Users/feliu/Desktop/APPs/pimpam/client/ios/App/App/public/assets/MessageThread-CEmjTF9b.js","all":true,"statementMap":{"0":{"start":{"line":1,"column":0},"end":{"line":1,"column":5492}}},"s":{"0":0},"branchMap":{"0":{"type":"branch","line":1,"loc":{"start":{"line":1,"column":0},"end":{"line":1,"column":4338}},"locations":[{"start":{"line":1,"column":0},"end":{"line":1,"column":4338}}]}},"b":{"0":[0]},"fnMap":{"0":{"name":"(empty-report)","decl":{"start":{"line":1,"column":0},"end":{"line":1,"column":4338}},"loc":{"start":{"line":1,"column":0},"end":{"line":1,"column":4338}},"line":1}},"f":{"0":0}}
,"/Users/feliu/Desktop/APPs/pimpam/client/ios/App/App/public/assets/Messages-DsC1lfVy.js": {"path":"/Users/feliu/Desktop/APPs/pimpam/client/ios/App/App/public/assets/Messages-DsC1lfVy.js","all":true,"statementMap":{"0":{"start":{"line":1,"column":0},"end":{"line":1,"column":5012}}},"s":{"0":0},"branchMap":{"0":{"type":"branch","line":1,"loc":{"start":{"line":1,"column":0},"end":{"line":1,"column":3719}},"locations":[{"start":{"line":1,"column":0},"end":{"line":1,"column":3719}}]}},"b":{"0":[0]},"fnMap":{"0":{"name":"(empty-report)","decl":{"start":{"line":1,"column":0},"end":{"line":1,"column":3719}},"loc":{"start":{"line":1,"column":0},"end":{"line":1,"column":3719}},"line":1}},"f":{"0":0}}
,"/Users/feliu/Desktop/APPs/pimpam/client/ios/App/App/public/assets/ModPanel-BcHCks-R.js": {"path":"/Users/feliu/Desktop/APPs/pimpam/client/ios/App/App/public/assets/ModPanel-BcHCks-R.js","all":true,"statementMap":{"0":{"start":{"line":1,"column":0},"end":{"line":1,"column":10740}}},"s":{"0":0},"branchMap":{"0":{"type":"branch","line":1,"loc":{"start":{"line":1,"column":0},"end":{"line":1,"column":8421}},"locations":[{"start":{"line":1,"column":0},"end":{"line":1,"column":8421}}]}},"b":{"0":[0]},"fnMap":{"0":{"name":"(empty-report)","decl":{"start":{"line":1,"column":0},"end":{"line":1,"column":8421}},"loc":{"start":{"line":1,"column":0},"end":{"line":1,"column":8421}},"line":1}},"f":{"0":0}}
,"/Users/feliu/Desktop/APPs/pimpam/client/ios/App/App/public/assets/Modal-C3aGxRwN.js": {"path":"/Users/feliu/Desktop/APPs/pimpam/client/ios/App/App/public/assets/Modal-C3aGxRwN.js","all":true,"statementMap":{"0":{"start":{"line":1,"column":0},"end":{"line":1,"column":1362}}},"s":{"0":0},"branchMap":{"0":{"type":"branch","line":1,"loc":{"start":{"line":1,"column":0},"end":{"line":1,"column":1136}},"locations":[{"start":{"line":1,"column":0},"end":{"line":1,"column":1136}}]}},"b":{"0":[0]},"fnMap":{"0":{"name":"(empty-report)","decl":{"start":{"line":1,"column":0},"end":{"line":1,"column":1136}},"loc":{"start":{"line":1,"column":0},"end":{"line":1,"column":1136}},"line":1}},"f":{"0":0}}
,"/Users/feliu/Desktop/APPs/pimpam/client/ios/App/App/public/assets/NotificationSettings-BUgigule.js": {"path":"/Users/feliu/Desktop/APPs/pimpam/client/ios/App/App/public/assets/NotificationSettings-BUgigule.js","all":true,"statementMap":{"0":{"start":{"line":1,"column":0},"end":{"line":1,"column":1601}}},"s":{"0":0},"branchMap":{"0":{"type":"branch","line":1,"loc":{"start":{"line":1,"column":0},"end":{"line":1,"column":1236}},"locations":[{"start":{"line":1,"column":0},"end":{"line":1,"column":1236}}]}},"b":{"0":[0]},"fnMap":{"0":{"name":"(empty-report)","decl":{"start":{"line":1,"column":0},"end":{"line":1,"column":1236}},"loc":{"start":{"line":1,"column":0},"end":{"line":1,"column":1236}},"line":1}},"f":{"0":0}}
,"/Users/feliu/Desktop/APPs/pimpam/client/ios/App/App/public/assets/Notifications-BB69GHbi.js": {"path":"/Users/feliu/Desktop/APPs/pimpam/client/ios/App/App/public/assets/Notifications-BB69GHbi.js","all":true,"statementMap":{"0":{"start":{"line":1,"column":0},"end":{"line":1,"column":3462}}},"s":{"0":0},"branchMap":{"0":{"type":"branch","line":1,"loc":{"start":{"line":1,"column":0},"end":{"line":1,"column":2768}},"locations":[{"start":{"line":1,"column":0},"end":{"line":1,"column":2768}}]}},"b":{"0":[0]},"fnMap":{"0":{"name":"(empty-report)","decl":{"start":{"line":1,"column":0},"end":{"line":1,"column":2768}},"loc":{"start":{"line":1,"column":0},"end":{"line":1,"column":2768}},"line":1}},"f":{"0":0}}
,"/Users/feliu/Desktop/APPs/pimpam/client/ios/App/App/public/assets/Offline-CmfPsPai.js": {"path":"/Users/feliu/Desktop/APPs/pimpam/client/ios/App/App/public/assets/Offline-CmfPsPai.js","all":true,"statementMap":{"0":{"start":{"line":1,"column":0},"end":{"line":1,"column":517}}},"s":{"0":0},"branchMap":{"0":{"type":"branch","line":1,"loc":{"start":{"line":1,"column":0},"end":{"line":1,"column":387}},"locations":[{"start":{"line":1,"column":0},"end":{"line":1,"column":387}}]}},"b":{"0":[0]},"fnMap":{"0":{"name":"(empty-report)","decl":{"start":{"line":1,"column":0},"end":{"line":1,"column":387}},"loc":{"start":{"line":1,"column":0},"end":{"line":1,"column":387}},"line":1}},"f":{"0":0}}
,"/Users/feliu/Desktop/APPs/pimpam/client/ios/App/App/public/assets/PlusIcon-DgvW8Fvn.js": {"path":"/Users/feliu/Desktop/APPs/pimpam/client/ios/App/App/public/assets/PlusIcon-DgvW8Fvn.js","all":true,"statementMap":{"0":{"start":{"line":1,"column":0},"end":{"line":1,"column":339}}},"s":{"0":0},"branchMap":{"0":{"type":"branch","line":1,"loc":{"start":{"line":1,"column":0},"end":{"line":1,"column":253}},"locations":[{"start":{"line":1,"column":0},"end":{"line":1,"column":253}}]}},"b":{"0":[0]},"fnMap":{"0":{"name":"(empty-report)","decl":{"start":{"line":1,"column":0},"end":{"line":1,"column":253}},"loc":{"start":{"line":1,"column":0},"end":{"line":1,"column":253}},"line":1}},"f":{"0":0}}
,"/Users/feliu/Desktop/APPs/pimpam/client/ios/App/App/public/assets/PostCard-BhrhqIti.js": {"path":"/Users/feliu/Desktop/APPs/pimpam/client/ios/App/App/public/assets/PostCard-BhrhqIti.js","all":true,"statementMap":{"0":{"start":{"line":1,"column":0},"end":{"line":1,"column":7050}}},"s":{"0":0},"branchMap":{"0":{"type":"branch","line":1,"loc":{"start":{"line":1,"column":0},"end":{"line":1,"column":5460}},"locations":[{"start":{"line":1,"column":0},"end":{"line":1,"column":5460}}]}},"b":{"0":[0]},"fnMap":{"0":{"name":"(empty-report)","decl":{"start":{"line":1,"column":0},"end":{"line":1,"column":5460}},"loc":{"start":{"line":1,"column":0},"end":{"line":1,"column":5460}},"line":1}},"f":{"0":0}}
,"/Users/feliu/Desktop/APPs/pimpam/client/ios/App/App/public/assets/PostDetail-JMM_l9vp.js": {"path":"/Users/feliu/Desktop/APPs/pimpam/client/ios/App/App/public/assets/PostDetail-JMM_l9vp.js","all":true,"statementMap":{"0":{"start":{"line":1,"column":0},"end":{"line":1,"column":13433}}},"s":{"0":0},"branchMap":{"0":{"type":"branch","line":1,"loc":{"start":{"line":1,"column":0},"end":{"line":1,"column":10541}},"locations":[{"start":{"line":1,"column":0},"end":{"line":1,"column":10541}}]}},"b":{"0":[0]},"fnMap":{"0":{"name":"(empty-report)","decl":{"start":{"line":1,"column":0},"end":{"line":1,"column":10541}},"loc":{"start":{"line":1,"column":0},"end":{"line":1,"column":10541}},"line":1}},"f":{"0":0}}
,"/Users/feliu/Desktop/APPs/pimpam/client/ios/App/App/public/assets/ProfileSettings-CEsCCHU5.js": {"path":"/Users/feliu/Desktop/APPs/pimpam/client/ios/App/App/public/assets/ProfileSettings-CEsCCHU5.js","all":true,"statementMap":{"0":{"start":{"line":1,"column":0},"end":{"line":1,"column":1942}}},"s":{"0":0},"branchMap":{"0":{"type":"branch","line":1,"loc":{"start":{"line":1,"column":0},"end":{"line":1,"column":1258}},"locations":[{"start":{"line":1,"column":0},"end":{"line":1,"column":1258}}]}},"b":{"0":[0]},"fnMap":{"0":{"name":"(empty-report)","decl":{"start":{"line":1,"column":0},"end":{"line":1,"column":1258}},"loc":{"start":{"line":1,"column":0},"end":{"line":1,"column":1258}},"line":1}},"f":{"0":0}}
,"/Users/feliu/Desktop/APPs/pimpam/client/ios/App/App/public/assets/Register-Bgdbv9Sp.js": {"path":"/Users/feliu/Desktop/APPs/pimpam/client/ios/App/App/public/assets/Register-Bgdbv9Sp.js","all":true,"statementMap":{"0":{"start":{"line":1,"column":0},"end":{"line":1,"column":2781}}},"s":{"0":0},"branchMap":{"0":{"type":"branch","line":1,"loc":{"start":{"line":1,"column":0},"end":{"line":1,"column":2095}},"locations":[{"start":{"line":1,"column":0},"end":{"line":1,"column":2095}}]}},"b":{"0":[0]},"fnMap":{"0":{"name":"(empty-report)","decl":{"start":{"line":1,"column":0},"end":{"line":1,"column":2095}},"loc":{"start":{"line":1,"column":0},"end":{"line":1,"column":2095}},"line":1}},"f":{"0":0}}
,"/Users/feliu/Desktop/APPs/pimpam/client/ios/App/App/public/assets/RelativeTime-7xofYZQY.js": {"path":"/Users/feliu/Desktop/APPs/pimpam/client/ios/App/App/public/assets/RelativeTime-7xofYZQY.js","all":true,"statementMap":{"0":{"start":{"line":1,"column":0},"end":{"line":1,"column":638}}},"s":{"0":0},"branchMap":{"0":{"type":"branch","line":1,"loc":{"start":{"line":1,"column":0},"end":{"line":1,"column":533}},"locations":[{"start":{"line":1,"column":0},"end":{"line":1,"column":533}}]}},"b":{"0":[0]},"fnMap":{"0":{"name":"(empty-report)","decl":{"start":{"line":1,"column":0},"end":{"line":1,"column":533}},"loc":{"start":{"line":1,"column":0},"end":{"line":1,"column":533}},"line":1}},"f":{"0":0}}
,"/Users/feliu/Desktop/APPs/pimpam/client/ios/App/App/public/assets/ResetPassword-BRd9kc2h.js": {"path":"/Users/feliu/Desktop/APPs/pimpam/client/ios/App/App/public/assets/ResetPassword-BRd9kc2h.js","all":true,"statementMap":{"0":{"start":{"line":1,"column":0},"end":{"line":1,"column":2259}}},"s":{"0":0},"branchMap":{"0":{"type":"branch","line":1,"loc":{"start":{"line":1,"column":0},"end":{"line":1,"column":1446}},"locations":[{"start":{"line":1,"column":0},"end":{"line":1,"column":1446}}]}},"b":{"0":[0]},"fnMap":{"0":{"name":"(empty-report)","decl":{"start":{"line":1,"column":0},"end":{"line":1,"column":1446}},"loc":{"start":{"line":1,"column":0},"end":{"line":1,"column":1446}},"line":1}},"f":{"0":0}}
,"/Users/feliu/Desktop/APPs/pimpam/client/ios/App/App/public/assets/Search-dzbu2soY.js": {"path":"/Users/feliu/Desktop/APPs/pimpam/client/ios/App/App/public/assets/Search-dzbu2soY.js","all":true,"statementMap":{"0":{"start":{"line":1,"column":0},"end":{"line":1,"column":2605}}},"s":{"0":0},"branchMap":{"0":{"type":"branch","line":1,"loc":{"start":{"line":1,"column":0},"end":{"line":1,"column":1747}},"locations":[{"start":{"line":1,"column":0},"end":{"line":1,"column":1747}}]}},"b":{"0":[0]},"fnMap":{"0":{"name":"(empty-report)","decl":{"start":{"line":1,"column":0},"end":{"line":1,"column":1747}},"loc":{"start":{"line":1,"column":0},"end":{"line":1,"column":1747}},"line":1}},"f":{"0":0}}
,"/Users/feliu/Desktop/APPs/pimpam/client/ios/App/App/public/assets/SearchIcon-DYE_IEKR.js": {"path":"/Users/feliu/Desktop/APPs/pimpam/client/ios/App/App/public/assets/SearchIcon-DYE_IEKR.js","all":true,"statementMap":{"0":{"start":{"line":1,"column":0},"end":{"line":1,"column":339}}},"s":{"0":0},"branchMap":{"0":{"type":"branch","line":1,"loc":{"start":{"line":1,"column":0},"end":{"line":1,"column":253}},"locations":[{"start":{"line":1,"column":0},"end":{"line":1,"column":253}}]}},"b":{"0":[0]},"fnMap":{"0":{"name":"(empty-report)","decl":{"start":{"line":1,"column":0},"end":{"line":1,"column":253}},"loc":{"start":{"line":1,"column":0},"end":{"line":1,"column":253}},"line":1}},"f":{"0":0}}
,"/Users/feliu/Desktop/APPs/pimpam/client/ios/App/App/public/assets/Settings-ZwufmKMl.js": {"path":"/Users/feliu/Desktop/APPs/pimpam/client/ios/App/App/public/assets/Settings-ZwufmKMl.js","all":true,"statementMap":{"0":{"start":{"line":1,"column":0},"end":{"line":1,"column":1049}}},"s":{"0":0},"branchMap":{"0":{"type":"branch","line":1,"loc":{"start":{"line":1,"column":0},"end":{"line":1,"column":754}},"locations":[{"start":{"line":1,"column":0},"end":{"line":1,"column":754}}]}},"b":{"0":[0]},"fnMap":{"0":{"name":"(empty-report)","decl":{"start":{"line":1,"column":0},"end":{"line":1,"column":754}},"loc":{"start":{"line":1,"column":0},"end":{"line":1,"column":754}},"line":1}},"f":{"0":0}}
,"/Users/feliu/Desktop/APPs/pimpam/client/ios/App/App/public/assets/SettingsForm.module-BdaPBPpA.js": {"path":"/Users/feliu/Desktop/APPs/pimpam/client/ios/App/App/public/assets/SettingsForm.module-BdaPBPpA.js","all":true,"statementMap":{"0":{"start":{"line":1,"column":0},"end":{"line":1,"column":1240}}},"s":{"0":0},"branchMap":{"0":{"type":"branch","line":1,"loc":{"start":{"line":1,"column":1240},"end":{"line":1,"column":1240}},"locations":[{"start":{"line":1,"column":1240},"end":{"line":1,"column":1240}}]}},"b":{"0":[0]},"fnMap":{"0":{"name":"(empty-report)","decl":{"start":{"line":1,"column":1240},"end":{"line":1,"column":1240}},"loc":{"start":{"line":1,"column":1240},"end":{"line":1,"column":1240}},"line":1}},"f":{"0":0}}
,"/Users/feliu/Desktop/APPs/pimpam/client/ios/App/App/public/assets/UserCard-CbsGvfL7.js": {"path":"/Users/feliu/Desktop/APPs/pimpam/client/ios/App/App/public/assets/UserCard-CbsGvfL7.js","all":true,"statementMap":{"0":{"start":{"line":1,"column":0},"end":{"line":1,"column":1145}}},"s":{"0":0},"branchMap":{"0":{"type":"branch","line":1,"loc":{"start":{"line":1,"column":0},"end":{"line":1,"column":800}},"locations":[{"start":{"line":1,"column":0},"end":{"line":1,"column":800}}]}},"b":{"0":[0]},"fnMap":{"0":{"name":"(empty-report)","decl":{"start":{"line":1,"column":0},"end":{"line":1,"column":800}},"loc":{"start":{"line":1,"column":0},"end":{"line":1,"column":800}},"line":1}},"f":{"0":0}}
,"/Users/feliu/Desktop/APPs/pimpam/client/ios/App/App/public/assets/UserProfile-CRtxWOlZ.js": {"path":"/Users/feliu/Desktop/APPs/pimpam/client/ios/App/App/public/assets/UserProfile-CRtxWOlZ.js","all":true,"statementMap":{"0":{"start":{"line":1,"column":0},"end":{"line":1,"column":7497}}},"s":{"0":0},"branchMap":{"0":{"type":"branch","line":1,"loc":{"start":{"line":1,"column":0},"end":{"line":1,"column":5498}},"locations":[{"start":{"line":1,"column":0},"end":{"line":1,"column":5498}}]}},"b":{"0":[0]},"fnMap":{"0":{"name":"(empty-report)","decl":{"start":{"line":1,"column":0},"end":{"line":1,"column":5498}},"loc":{"start":{"line":1,"column":0},"end":{"line":1,"column":5498}},"line":1}},"f":{"0":0}}
,"/Users/feliu/Desktop/APPs/pimpam/client/ios/App/App/public/assets/VerifyEmail-BZPWkRbY.js": {"path":"/Users/feliu/Desktop/APPs/pimpam/client/ios/App/App/public/assets/VerifyEmail-BZPWkRbY.js","all":true,"statementMap":{"0":{"start":{"line":1,"column":0},"end":{"line":1,"column":1291}}},"s":{"0":0},"branchMap":{"0":{"type":"branch","line":1,"loc":{"start":{"line":1,"column":0},"end":{"line":1,"column":842}},"locations":[{"start":{"line":1,"column":0},"end":{"line":1,"column":842}}]}},"b":{"0":[0]},"fnMap":{"0":{"name":"(empty-report)","decl":{"start":{"line":1,"column":0},"end":{"line":1,"column":842}},"loc":{"start":{"line":1,"column":0},"end":{"line":1,"column":842}},"line":1}},"f":{"0":0}}
,"/Users/feliu/Desktop/APPs/pimpam/client/ios/App/App/public/assets/VerifyEmailSent-rZweDHMk.js": {"path":"/Users/feliu/Desktop/APPs/pimpam/client/ios/App/App/public/assets/VerifyEmailSent-rZweDHMk.js","all":true,"statementMap":{"0":{"start":{"line":1,"column":0},"end":{"line":1,"column":718}}},"s":{"0":0},"branchMap":{"0":{"type":"branch","line":1,"loc":{"start":{"line":1,"column":0},"end":{"line":1,"column":464}},"locations":[{"start":{"line":1,"column":0},"end":{"line":1,"column":464}}]}},"b":{"0":[0]},"fnMap":{"0":{"name":"(empty-report)","decl":{"start":{"line":1,"column":0},"end":{"line":1,"column":464}},"loc":{"start":{"line":1,"column":0},"end":{"line":1,"column":464}},"line":1}},"f":{"0":0}}
,"/Users/feliu/Desktop/APPs/pimpam/client/ios/App/App/public/assets/communities-EUqstku0.js": {"path":"/Users/feliu/Desktop/APPs/pimpam/client/ios/App/App/public/assets/communities-EUqstku0.js","all":true,"statementMap":{"0":{"start":{"line":1,"column":0},"end":{"line":1,"column":363}}},"s":{"0":0},"branchMap":{"0":{"type":"branch","line":1,"loc":{"start":{"line":1,"column":0},"end":{"line":1,"column":211}},"locations":[{"start":{"line":1,"column":0},"end":{"line":1,"column":211}}]}},"b":{"0":[0]},"fnMap":{"0":{"name":"(empty-report)","decl":{"start":{"line":1,"column":0},"end":{"line":1,"column":211}},"loc":{"start":{"line":1,"column":0},"end":{"line":1,"column":211}},"line":1}},"f":{"0":0}}
,"/Users/feliu/Desktop/APPs/pimpam/client/ios/App/App/public/assets/encrypt-DPXobOXl.js": {"path":"/Users/feliu/Desktop/APPs/pimpam/client/ios/App/App/public/assets/encrypt-DPXobOXl.js","all":true,"statementMap":{"0":{"start":{"line":1,"column":0},"end":{"line":1,"column":765}}},"s":{"0":0},"branchMap":{"0":{"type":"branch","line":1,"loc":{"start":{"line":1,"column":0},"end":{"line":1,"column":659}},"locations":[{"start":{"line":1,"column":0},"end":{"line":1,"column":659}}]}},"b":{"0":[0]},"fnMap":{"0":{"name":"(empty-report)","decl":{"start":{"line":1,"column":0},"end":{"line":1,"column":659}},"loc":{"start":{"line":1,"column":0},"end":{"line":1,"column":659}},"line":1}},"f":{"0":0}}
,"/Users/feliu/Desktop/APPs/pimpam/client/ios/App/App/public/assets/feed-B5d_vSXc.js": {"path":"/Users/feliu/Desktop/APPs/pimpam/client/ios/App/App/public/assets/feed-B5d_vSXc.js","all":true,"statementMap":{"0":{"start":{"line":1,"column":0},"end":{"line":1,"column":931}}},"s":{"0":0},"branchMap":{"0":{"type":"branch","line":1,"loc":{"start":{"line":1,"column":0},"end":{"line":1,"column":500}},"locations":[{"start":{"line":1,"column":0},"end":{"line":1,"column":500}}]}},"b":{"0":[0]},"fnMap":{"0":{"name":"(empty-report)","decl":{"start":{"line":1,"column":0},"end":{"line":1,"column":500}},"loc":{"start":{"line":1,"column":0},"end":{"line":1,"column":500}},"line":1}},"f":{"0":0}}
,"/Users/feliu/Desktop/APPs/pimpam/client/ios/App/App/public/assets/friendGroups-qzp-e_Yf.js": {"path":"/Users/feliu/Desktop/APPs/pimpam/client/ios/App/App/public/assets/friendGroups-qzp-e_Yf.js","all":true,"statementMap":{"0":{"start":{"line":1,"column":0},"end":{"line":1,"column":400}}},"s":{"0":0},"branchMap":{"0":{"type":"branch","line":1,"loc":{"start":{"line":1,"column":0},"end":{"line":1,"column":231}},"locations":[{"start":{"line":1,"column":0},"end":{"line":1,"column":231}}]}},"b":{"0":[0]},"fnMap":{"0":{"name":"(empty-report)","decl":{"start":{"line":1,"column":0},"end":{"line":1,"column":231}},"loc":{"start":{"line":1,"column":0},"end":{"line":1,"column":231}},"line":1}},"f":{"0":0}}
,"/Users/feliu/Desktop/APPs/pimpam/client/ios/App/App/public/assets/index-1wLJYpWP.js": {"path":"/Users/feliu/Desktop/APPs/pimpam/client/ios/App/App/public/assets/index-1wLJYpWP.js","all":true,"statementMap":{"0":{"start":{"line":1,"column":0},"end":{"line":1,"column":2367}},"1":{"start":{"line":2,"column":0},"end":{"line":2,"column":1204}},"2":{"start":{"line":3,"column":0},"end":{"line":3,"column":17}},"3":{"start":{"line":4,"column":0},"end":{"line":4,"column":26}},"4":{"start":{"line":5,"column":0},"end":{"line":5,"column":2}},"5":{"start":{"line":6,"column":0},"end":{"line":6,"column":51}},"6":{"start":{"line":7,"column":0},"end":{"line":7,"column":2}},"7":{"start":{"line":8,"column":0},"end":{"line":8,"column":66}},"8":{"start":{"line":9,"column":0},"end":{"line":9,"column":58}},"9":{"start":{"line":10,"column":0},"end":{"line":10,"column":6630}},"10":{"start":{"line":11,"column":0},"end":{"line":11,"column":17}},"11":{"start":{"line":12,"column":0},"end":{"line":12,"column":38}},"12":{"start":{"line":13,"column":0},"end":{"line":13,"column":2}},"13":{"start":{"line":14,"column":0},"end":{"line":14,"column":51}},"14":{"start":{"line":15,"column":0},"end":{"line":15,"column":2}},"15":{"start":{"line":16,"column":0},"end":{"line":16,"column":66}},"16":{"start":{"line":17,"column":0},"end":{"line":17,"column":58}},"17":{"start":{"line":18,"column":0},"end":{"line":18,"column":661}},"18":{"start":{"line":19,"column":0},"end":{"line":19,"column":17}},"19":{"start":{"line":20,"column":0},"end":{"line":20,"column":30}},"20":{"start":{"line":21,"column":0},"end":{"line":21,"column":2}},"21":{"start":{"line":22,"column":0},"end":{"line":22,"column":51}},"22":{"start":{"line":23,"column":0},"end":{"line":23,"column":2}},"23":{"start":{"line":24,"column":0},"end":{"line":24,"column":66}},"24":{"start":{"line":25,"column":0},"end":{"line":25,"column":58}},"25":{"start":{"line":26,"column":0},"end":{"line":26,"column":3891}},"26":{"start":{"line":27,"column":0},"end":{"line":27,"column":17}},"27":{"start":{"line":28,"column":0},"end":{"line":28,"column":30}},"28":{"start":{"line":29,"column":0},"end":{"line":29,"column":2}},"29":{"start":{"line":30,"column":0},"end":{"line":30,"column":51}},"30":{"start":{"line":31,"column":0},"end":{"line":31,"column":2}},"31":{"start":{"line":32,"column":0},"end":{"line":32,"column":66}},"32":{"start":{"line":33,"column":0},"end":{"line":33,"column":58}},"33":{"start":{"line":34,"column":0},"end":{"line":34,"column":6107}},"34":{"start":{"line":35,"column":0},"end":{"line":35,"column":512}},"35":{"start":{"line":36,"column":0},"end":{"line":36,"column":20}},"36":{"start":{"line":37,"column":0},"end":{"line":37,"column":153}},"37":{"start":{"line":38,"column":0},"end":{"line":38,"column":37510}},"38":{"start":{"line":39,"column":0},"end":{"line":39,"column":27870}},"39":{"start":{"line":40,"column":0},"end":{"line":40,"column":37}},"40":{"start":{"line":41,"column":0},"end":{"line":41,"column":57478}},"41":{"start":{"line":42,"column":0},"end":{"line":42,"column":28}},"42":{"start":{"line":43,"column":0},"end":{"line":43,"column":2}},"43":{"start":{"line":44,"column":0},"end":{"line":44,"column":36}},"44":{"start":{"line":45,"column":0},"end":{"line":45,"column":2}},"45":{"start":{"line":46,"column":0},"end":{"line":46,"column":66}},"46":{"start":{"line":47,"column":0},"end":{"line":47,"column":61}},"47":{"start":{"line":48,"column":0},"end":{"line":48,"column":2}},"48":{"start":{"line":49,"column":0},"end":{"line":49,"column":15}},"49":{"start":{"line":50,"column":0},"end":{"line":50,"column":9026}},"50":{"start":{"line":51,"column":0},"end":{"line":51,"column":23}},"51":{"start":{"line":52,"column":0},"end":{"line":52,"column":2}},"52":{"start":{"line":53,"column":0},"end":{"line":53,"column":36}},"53":{"start":{"line":54,"column":0},"end":{"line":54,"column":2}},"54":{"start":{"line":55,"column":0},"end":{"line":55,"column":66}},"55":{"start":{"line":56,"column":0},"end":{"line":56,"column":61}},"56":{"start":{"line":57,"column":0},"end":{"line":57,"column":2}},"57":{"start":{"line":58,"column":0},"end":{"line":58,"column":15}},"58":{"start":{"line":59,"column":0},"end":{"line":59,"column":8817}},"59":{"start":{"line":60,"column":0},"end":{"line":60,"column":27}},"60":{"start":{"line":61,"column":0},"end":{"line":61,"column":2}},"61":{"start":{"line":62,"column":0},"end":{"line":62,"column":36}},"62":{"start":{"line":63,"column":0},"end":{"line":63,"column":2}},"63":{"start":{"line":64,"column":0},"end":{"line":64,"column":66}},"64":{"start":{"line":65,"column":0},"end":{"line":65,"column":61}},"65":{"start":{"line":66,"column":0},"end":{"line":66,"column":2}},"66":{"start":{"line":67,"column":0},"end":{"line":67,"column":15}},"67":{"start":{"line":68,"column":0},"end":{"line":68,"column":23427}},"68":{"start":{"line":69,"column":0},"end":{"line":69,"column":2869}},"69":{"start":{"line":70,"column":0},"end":{"line":70,"column":12301}},"70":{"start":{"line":71,"column":0},"end":{"line":71,"column":18}},"71":{"start":{"line":72,"column":0},"end":{"line":72,"column":2244}},"72":{"start":{"line":73,"column":0},"end":{"line":73,"column":24176}}},"s":{"0":0,"1":0,"2":0,"3":0,"4":0,"5":0,"6":0,"7":0,"8":0,"9":0,"10":0,"11":0,"12":0,"13":0,"14":0,"15":0,"16":0,"17":0,"18":0,"19":0,"20":0,"21":0,"22":0,"23":0,"24":0,"25":0,"26":0,"27":0,"28":0,"29":0,"30":0,"31":0,"32":0,"33":0,"34":0,"35":0,"36":0,"37":0,"38":0,"39":0,"40":0,"41":0,"42":0,"43":0,"44":0,"45":0,"46":0,"47":0,"48":0,"49":0,"50":0,"51":0,"52":0,"53":0,"54":0,"55":0,"56":0,"57":0,"58":0,"59":0,"60":0,"61":0,"62":0,"63":0,"64":0,"65":0,"66":0,"67":0,"68":0,"69":0,"70":0,"71":0,"72":0},"branchMap":{"0":{"type":"branch","line":1,"loc":{"start":{"line":1,"column":0},"end":{"line":73,"column":23585}},"locations":[{"start":{"line":1,"column":0},"end":{"line":73,"column":23585}}]}},"b":{"0":[0]},"fnMap":{"0":{"name":"(empty-report)","decl":{"start":{"line":1,"column":0},"end":{"line":73,"column":23585}},"loc":{"start":{"line":1,"column":0},"end":{"line":73,"column":23585}},"line":1}},"f":{"0":0}}
,"/Users/feliu/Desktop/APPs/pimpam/client/ios/App/App/public/assets/media-CUKYrKTM.js": {"path":"/Users/feliu/Desktop/APPs/pimpam/client/ios/App/App/public/assets/media-CUKYrKTM.js","all":true,"statementMap":{"0":{"start":{"line":1,"column":0},"end":{"line":1,"column":195}}},"s":{"0":0},"branchMap":{"0":{"type":"branch","line":1,"loc":{"start":{"line":1,"column":0},"end":{"line":1,"column":129}},"locations":[{"start":{"line":1,"column":0},"end":{"line":1,"column":129}}]}},"b":{"0":[0]},"fnMap":{"0":{"name":"(empty-report)","decl":{"start":{"line":1,"column":0},"end":{"line":1,"column":129}},"loc":{"start":{"line":1,"column":0},"end":{"line":1,"column":129}},"line":1}},"f":{"0":0}}
,"/Users/feliu/Desktop/APPs/pimpam/client/ios/App/App/public/assets/useInfiniteList-_a5owtVi.js": {"path":"/Users/feliu/Desktop/APPs/pimpam/client/ios/App/App/public/assets/useInfiniteList-_a5owtVi.js","all":true,"statementMap":{"0":{"start":{"line":1,"column":0},"end":{"line":1,"column":858}}},"s":{"0":0},"branchMap":{"0":{"type":"branch","line":1,"loc":{"start":{"line":1,"column":0},"end":{"line":1,"column":606}},"locations":[{"start":{"line":1,"column":0},"end":{"line":1,"column":606}}]}},"b":{"0":[0]},"fnMap":{"0":{"name":"(empty-report)","decl":{"start":{"line":1,"column":0},"end":{"line":1,"column":606}},"loc":{"start":{"line":1,"column":0},"end":{"line":1,"column":606}},"line":1}},"f":{"0":0}}
,"/Users/feliu/Desktop/APPs/pimpam/client/ios/App/App/public/assets/workbox-window.prod.es5-vqzQaGvo.js": {"path":"/Users/feliu/Desktop/APPs/pimpam/client/ios/App/App/public/assets/workbox-window.prod.es5-vqzQaGvo.js","all":true,"statementMap":{"0":{"start":{"line":1,"column":0},"end":{"line":1,"column":1035}},"1":{"start":{"line":2,"column":0},"end":{"line":2,"column":4682}}},"s":{"0":0,"1":0},"branchMap":{"0":{"type":"branch","line":1,"loc":{"start":{"line":1,"column":5718},"end":{"line":2,"column":4682}},"locations":[{"start":{"line":1,"column":5718},"end":{"line":2,"column":4682}}]}},"b":{"0":[0]},"fnMap":{"0":{"name":"(empty-report)","decl":{"start":{"line":1,"column":5718},"end":{"line":2,"column":4682}},"loc":{"start":{"line":1,"column":5718},"end":{"line":2,"column":4682}},"line":1}},"f":{"0":0}}
,"/Users/feliu/Desktop/APPs/pimpam/client/src/App.jsx": {"path":"/Users/feliu/Desktop/APPs/pimpam/client/src/App.jsx","all":true,"statementMap":{"0":{"start":{"line":1,"column":0},"end":{"line":1,"column":39}},"11":{"start":{"line":12,"column":0},"end":{"line":12,"column":50}},"12":{"start":{"line":13,"column":0},"end":{"line":13,"column":56}},"13":{"start":{"line":14,"column":0},"end":{"line":14,"column":70}},"14":{"start":{"line":15,"column":0},"end":{"line":15,"column":62}},"15":{"start":{"line":16,"column":0},"end":{"line":16,"column":58}},"16":{"start":{"line":17,"column":0},"end":{"line":17,"column":68}},"17":{"start":{"line":18,"column":0},"end":{"line":18,"column":66}},"18":{"start":{"line":19,"column":0},"end":{"line":19,"column":48}},"19":{"start":{"line":20,"column":0},"end":{"line":20,"column":62}},"20":{"start":{"line":21,"column":0},"end":{"line":21,"column":56}},"21":{"start":{"line":22,"column":0},"end":{"line":22,"column":66}},"22":{"start":{"line":23,"column":0},"end":{"line":23,"column":62}},"23":{"start":{"line":24,"column":0},"end":{"line":24,"column":60}},"24":{"start":{"line":25,"column":0},"end":{"line":25,"column":66}},"25":{"start":{"line":26,"column":0},"end":{"line":26,"column":52}},"26":{"start":{"line":27,"column":0},"end":{"line":27,"column":66}},"27":{"start":{"line":28,"column":0},"end":{"line":28,"column":56}},"28":{"start":{"line":29,"column":0},"end":{"line":29,"column":79}},"29":{"start":{"line":30,"column":0},"end":{"line":30,"column":79}},"30":{"start":{"line":31,"column":0},"end":{"line":31,"column":89}},"31":{"start":{"line":32,"column":0},"end":{"line":32,"column":87}},"32":{"start":{"line":33,"column":0},"end":{"line":33,"column":73}},"33":{"start":{"line":34,"column":0},"end":{"line":34,"column":56}},"34":{"start":{"line":35,"column":0},"end":{"line":35,"column":54}},"35":{"start":{"line":36,"column":0},"end":{"line":36,"column":56}},"36":{"start":{"line":37,"column":0},"end":{"line":37,"column":54}},"38":{"start":{"line":39,"column":0},"end":{"line":39,"column":23}},"39":{"start":{"line":40,"column":0},"end":{"line":40,"column":10}},"40":{"start":{"line":41,"column":0},"end":{"line":41,"column":83}},"41":{"start":{"line":42,"column":0},"end":{"line":42,"column":27}},"42":{"start":{"line":43,"column":0},"end":{"line":43,"column":10}},"44":{"start":{"line":45,"column":0},"end":{"line":45,"column":1}},"46":{"start":{"line":47,"column":0},"end":{"line":47,"column":31}},"47":{"start":{"line":48,"column":0},"end":{"line":48,"column":10}},"48":{"start":{"line":49,"column":0},"end":{"line":49,"column":19}},"49":{"start":{"line":50,"column":0},"end":{"line":50,"column":20}},"50":{"start":{"line":51,"column":0},"end":{"line":51,"column":20}},"51":{"start":{"line":52,"column":0},"end":{"line":52,"column":25}},"52":{"start":{"line":53,"column":0},"end":{"line":53,"column":34}},"53":{"start":{"line":54,"column":0},"end":{"line":54,"column":30}},"54":{"start":{"line":55,"column":0},"end":{"line":55,"column":50}},"55":{"start":{"line":56,"column":0},"end":{"line":56,"column":24}},"56":{"start":{"line":57,"column":0},"end":{"line":57,"column":61}},"57":{"start":{"line":58,"column":0},"end":{"line":58,"column":70}},"58":{"start":{"line":59,"column":0},"end":{"line":59,"column":67}},"59":{"start":{"line":60,"column":0},"end":{"line":60,"column":83}},"60":{"start":{"line":61,"column":0},"end":{"line":61,"column":74}},"61":{"start":{"line":62,"column":0},"end":{"line":62,"column":80}},"62":{"start":{"line":63,"column":0},"end":{"line":63,"column":78}},"63":{"start":{"line":64,"column":0},"end":{"line":64,"column":65}},"64":{"start":{"line":65,"column":0},"end":{"line":65,"column":48}},"65":{"start":{"line":66,"column":0},"end":{"line":66,"column":54}},"66":{"start":{"line":67,"column":0},"end":{"line":67,"column":69}},"67":{"start":{"line":68,"column":0},"end":{"line":68,"column":67}},"68":{"start":{"line":69,"column":0},"end":{"line":69,"column":75}},"69":{"start":{"line":70,"column":0},"end":{"line":70,"column":69}},"70":{"start":{"line":71,"column":0},"end":{"line":71,"column":79}},"71":{"start":{"line":72,"column":0},"end":{"line":72,"column":75}},"72":{"start":{"line":73,"column":0},"end":{"line":73,"column":72}},"73":{"start":{"line":74,"column":0},"end":{"line":74,"column":73}},"74":{"start":{"line":75,"column":0},"end":{"line":75,"column":72}},"75":{"start":{"line":76,"column":0},"end":{"line":76,"column":65}},"76":{"start":{"line":77,"column":0},"end":{"line":77,"column":82}},"77":{"start":{"line":78,"column":0},"end":{"line":78,"column":67}},"78":{"start":{"line":79,"column":0},"end":{"line":79,"column":67}},"79":{"start":{"line":80,"column":0},"end":{"line":80,"column":76}},"80":{"start":{"line":81,"column":0},"end":{"line":81,"column":87}},"81":{"start":{"line":82,"column":0},"end":{"line":82,"column":86}},"82":{"start":{"line":83,"column":0},"end":{"line":83,"column":70}},"83":{"start":{"line":84,"column":0},"end":{"line":84,"column":28}},"84":{"start":{"line":85,"column":0},"end":{"line":85,"column":26}},"85":{"start":{"line":86,"column":0},"end":{"line":86,"column":25}},"86":{"start":{"line":87,"column":0},"end":{"line":87,"column":25}},"87":{"start":{"line":88,"column":0},"end":{"line":88,"column":35}},"88":{"start":{"line":89,"column":0},"end":{"line":89,"column":26}},"89":{"start":{"line":90,"column":0},"end":{"line":90,"column":21}},"90":{"start":{"line":91,"column":0},"end":{"line":91,"column":21}},"91":{"start":{"line":92,"column":0},"end":{"line":92,"column":20}},"93":{"start":{"line":94,"column":0},"end":{"line":94,"column":1}}},"s":{"0":0,"11":0,"12":0,"13":0,"14":0,"15":0,"16":0,"17":0,"18":0,"19":0,"20":0,"21":0,"22":0,"23":0,"24":0,"25":0,"26":0,"27":0,"28":0,"29":0,"30":0,"31":0,"32":0,"33":0,"34":0,"35":0,"36":0,"38":0,"39":0,"40":0,"41":0,"42":0,"44":0,"46":0,"47":0,"48":0,"49":0,"50":0,"51":0,"52":0,"53":0,"54":0,"55":0,"56":0,"57":0,"58":0,"59":0,"60":0,"61":0,"62":0,"63":0,"64":0,"65":0,"66":0,"67":0,"68":0,"69":0,"70":0,"71":0,"72":0,"73":0,"74":0,"75":0,"76":0,"77":0,"78":0,"79":0,"80":0,"81":0,"82":0,"83":0,"84":0,"85":0,"86":0,"87":0,"88":0,"89":0,"90":0,"91":0,"93":0},"branchMap":{"0":{"type":"branch","line":1,"loc":{"start":{"line":1,"column":0},"end":{"line":94,"column":-2598}},"locations":[{"start":{"line":1,"column":0},"end":{"line":94,"column":-2598}}]}},"b":{"0":[0]},"fnMap":{"0":{"name":"(empty-report)","decl":{"start":{"line":1,"column":0},"end":{"line":94,"column":-2598}},"loc":{"start":{"line":1,"column":0},"end":{"line":94,"column":-2598}},"line":1}},"f":{"0":0}}
,"/Users/feliu/Desktop/APPs/pimpam/client/src/main.jsx": {"path":"/Users/feliu/Desktop/APPs/pimpam/client/src/main.jsx","all":true,"statementMap":{"0":{"start":{"line":1,"column":0},"end":{"line":1,"column":35}},"1":{"start":{"line":2,"column":0},"end":{"line":2,"column":46}},"2":{"start":{"line":3,"column":0},"end":{"line":3,"column":49}},"3":{"start":{"line":4,"column":0},"end":{"line":4,"column":24}},"4":{"start":{"line":5,"column":0},"end":{"line":5,"column":21}},"6":{"start":{"line":7,"column":0},"end":{"line":7,"column":51}},"7":{"start":{"line":8,"column":0},"end":{"line":8,"column":14}},"8":{"start":{"line":9,"column":0},"end":{"line":9,"column":19}},"9":{"start":{"line":10,"column":0},"end":{"line":10,"column":13}},"10":{"start":{"line":11,"column":0},"end":{"line":11,"column":20}},"11":{"start":{"line":12,"column":0},"end":{"line":12,"column":16}},"12":{"start":{"line":13,"column":0},"end":{"line":13,"column":2}}},"s":{"0":0,"1":0,"2":0,"3":0,"4":0,"6":0,"7":0,"8":0,"9":0,"10":0,"11":0,"12":0},"branchMap":{"0":{"type":"branch","line":1,"loc":{"start":{"line":1,"column":322},"end":{"line":13,"column":2}},"locations":[{"start":{"line":1,"column":322},"end":{"line":13,"column":2}}]}},"b":{"0":[0]},"fnMap":{"0":{"name":"(empty-report)","decl":{"start":{"line":1,"column":322},"end":{"line":13,"column":2}},"loc":{"start":{"line":1,"column":322},"end":{"line":13,"column":2}},"line":1}},"f":{"0":0}}
,"/Users/feliu/Desktop/APPs/pimpam/client/src/api/auth.js": {"path":"/Users/feliu/Desktop/APPs/pimpam/client/src/api/auth.js","all":true,"statementMap":{"0":{"start":{"line":1,"column":0},"end":{"line":1,"column":27}},"2":{"start":{"line":3,"column":0},"end":{"line":3,"column":55}},"3":{"start":{"line":4,"column":0},"end":{"line":4,"column":107}},"5":{"start":{"line":6,"column":0},"end":{"line":6,"column":67}},"7":{"start":{"line":8,"column":0},"end":{"line":8,"column":41}},"8":{"start":{"line":9,"column":0},"end":{"line":9,"column":47}},"10":{"start":{"line":11,"column":0},"end":{"line":11,"column":53}},"12":{"start":{"line":13,"column":0},"end":{"line":13,"column":80}},"14":{"start":{"line":15,"column":0},"end":{"line":15,"column":61}},"15":{"start":{"line":16,"column":0},"end":{"line":16,"column":60}},"17":{"start":{"line":18,"column":0},"end":{"line":18,"column":60}},"18":{"start":{"line":19,"column":0},"end":{"line":19,"column":68}},"20":{"start":{"line":21,"column":0},"end":{"line":21,"column":77}},"22":{"start":{"line":23,"column":0},"end":{"line":23,"column":78}},"24":{"start":{"line":25,"column":0},"end":{"line":25,"column":60}},"26":{"start":{"line":27,"column":0},"end":{"line":27,"column":76}},"28":{"start":{"line":29,"column":0},"end":{"line":29,"column":46}},"29":{"start":{"line":30,"column":0},"end":{"line":30,"column":53}}},"s":{"0":0,"2":0,"3":0,"5":0,"7":0,"8":0,"10":0,"12":0,"14":0,"15":0,"17":0,"18":0,"20":0,"22":0,"24":0,"26":0,"28":0,"29":0},"branchMap":{"0":{"type":"branch","line":1,"loc":{"start":{"line":1,"column":0},"end":{"line":30,"column":-605}},"locations":[{"start":{"line":1,"column":0},"end":{"line":30,"column":-605}}]}},"b":{"0":[0]},"fnMap":{"0":{"name":"(empty-report)","decl":{"start":{"line":1,"column":0},"end":{"line":30,"column":-605}},"loc":{"start":{"line":1,"column":0},"end":{"line":30,"column":-605}},"line":1}},"f":{"0":0}}
,"/Users/feliu/Desktop/APPs/pimpam/client/src/api/client.js": {"path":"/Users/feliu/Desktop/APPs/pimpam/client/src/api/client.js","all":false,"statementMap":{"0":{"start":{"line":1,"column":0},"end":{"line":1,"column":49}},"1":{"start":{"line":2,"column":0},"end":{"line":2,"column":0}},"2":{"start":{"line":3,"column":0},"end":{"line":3,"column":56}},"3":{"start":{"line":4,"column":0},"end":{"line":4,"column":25}},"4":{"start":{"line":5,"column":0},"end":{"line":5,"column":37}},"5":{"start":{"line":6,"column":0},"end":{"line":6,"column":14}},"6":{"start":{"line":7,"column":0},"end":{"line":7,"column":0}},"7":{"start":{"line":8,"column":0},"end":{"line":8,"column":26}},"8":{"start":{"line":9,"column":0},"end":{"line":9,"column":20}},"9":{"start":{"line":10,"column":0},"end":{"line":10,"column":50}},"10":{"start":{"line":11,"column":0},"end":{"line":11,"column":3}},"11":{"start":{"line":12,"column":0},"end":{"line":12,"column":0}},"12":{"start":{"line":13,"column":0},"end":{"line":13,"column":43}},"13":{"start":{"line":14,"column":0},"end":{"line":14,"column":42}},"14":{"start":{"line":15,"column":0},"end":{"line":15,"column":53}},"15":{"start":{"line":16,"column":0},"end":{"line":16,"column":62}},"16":{"start":{"line":17,"column":0},"end":{"line":17,"column":16}},"17":{"start":{"line":18,"column":0},"end":{"line":18,"column":3}},"18":{"start":{"line":19,"column":0},"end":{"line":19,"column":0}},"19":{"start":{"line":20,"column":0},"end":{"line":20,"column":51}},"20":{"start":{"line":21,"column":0},"end":{"line":21,"column":86}},"21":{"start":{"line":22,"column":0},"end":{"line":22,"column":30}},"22":{"start":{"line":23,"column":0},"end":{"line":23,"column":15}},"23":{"start":{"line":24,"column":0},"end":{"line":24,"column":20}},"24":{"start":{"line":25,"column":0},"end":{"line":25,"column":34}},"25":{"start":{"line":26,"column":0},"end":{"line":26,"column":36}},"26":{"start":{"line":27,"column":0},"end":{"line":27,"column":49}},"27":{"start":{"line":28,"column":0},"end":{"line":28,"column":77}},"28":{"start":{"line":29,"column":0},"end":{"line":29,"column":29}},"29":{"start":{"line":30,"column":0},"end":{"line":30,"column":11}},"30":{"start":{"line":31,"column":0},"end":{"line":31,"column":68}},"31":{"start":{"line":32,"column":0},"end":{"line":32,"column":89}},"32":{"start":{"line":33,"column":0},"end":{"line":33,"column":64}},"33":{"start":{"line":34,"column":0},"end":{"line":34,"column":66}},"34":{"start":{"line":35,"column":0},"end":{"line":35,"column":71}},"35":{"start":{"line":36,"column":0},"end":{"line":36,"column":29}},"36":{"start":{"line":37,"column":0},"end":{"line":37,"column":15}},"37":{"start":{"line":38,"column":0},"end":{"line":38,"column":58}},"38":{"start":{"line":39,"column":0},"end":{"line":39,"column":48}},"39":{"start":{"line":40,"column":0},"end":{"line":40,"column":49}},"40":{"start":{"line":41,"column":0},"end":{"line":41,"column":40}},"41":{"start":{"line":42,"column":0},"end":{"line":42,"column":7}},"42":{"start":{"line":43,"column":0},"end":{"line":43,"column":5}},"43":{"start":{"line":44,"column":0},"end":{"line":44,"column":33}},"44":{"start":{"line":45,"column":0},"end":{"line":45,"column":3}},"45":{"start":{"line":46,"column":0},"end":{"line":46,"column":2}},"46":{"start":{"line":47,"column":0},"end":{"line":47,"column":0}},"47":{"start":{"line":48,"column":0},"end":{"line":48,"column":19}}},"s":{"0":1,"1":1,"2":1,"3":1,"4":1,"5":1,"6":1,"7":1,"8":1,"9":1,"10":1,"11":1,"12":1,"13":1,"14":4,"15":4,"16":4,"17":1,"18":1,"19":1,"20":1,"21":1,"22":1,"23":1,"24":2,"25":2,"26":2,"27":2,"28":0,"29":0,"30":0,"31":0,"32":0,"33":0,"34":0,"35":0,"36":0,"37":0,"38":0,"39":0,"40":0,"41":0,"42":0,"43":2,"44":2,"45":1,"46":1,"47":1},"branchMap":{"0":{"type":"branch","line":3,"loc":{"start":{"line":3,"column":33},"end":{"line":3,"column":55}},"locations":[{"start":{"line":3,"column":33},"end":{"line":3,"column":55}}]},"1":{"type":"branch","line":5,"loc":{"start":{"line":5,"column":2},"end":{"line":5,"column":37}},"locations":[{"start":{"line":5,"column":2},"end":{"line":5,"column":37}}]},"2":{"type":"branch","line":14,"loc":{"start":{"line":14,"column":29},"end":{"line":18,"column":2}},"locations":[{"start":{"line":14,"column":29},"end":{"line":18,"column":2}}]},"3":{"type":"branch","line":16,"loc":{"start":{"line":16,"column":13},"end":{"line":16,"column":62}},"locations":[{"start":{"line":16,"column":13},"end":{"line":16,"column":62}}]},"4":{"type":"branch","line":23,"loc":{"start":{"line":23,"column":2},"end":{"line":23,"column":14}},"locations":[{"start":{"line":23,"column":2},"end":{"line":23,"column":14}}]},"5":{"type":"branch","line":24,"loc":{"start":{"line":24,"column":2},"end":{"line":45,"column":3}},"locations":[{"start":{"line":24,"column":2},"end":{"line":45,"column":3}}]},"6":{"type":"branch","line":26,"loc":{"start":{"line":26,"column":30},"end":{"line":26,"column":35}},"locations":[{"start":{"line":26,"column":30},"end":{"line":26,"column":35}}]},"7":{"type":"branch","line":28,"loc":{"start":{"line":28,"column":22},"end":{"line":28,"column":30}},"locations":[{"start":{"line":28,"column":22},"end":{"line":28,"column":30}}]},"8":{"type":"branch","line":28,"loc":{"start":{"line":28,"column":39},"end":{"line":28,"column":58}},"locations":[{"start":{"line":28,"column":39},"end":{"line":28,"column":58}}]},"9":{"type":"branch","line":28,"loc":{"start":{"line":28,"column":59},"end":{"line":28,"column":74}},"locations":[{"start":{"line":28,"column":59},"end":{"line":28,"column":74}}]},"10":{"type":"branch","line":28,"loc":{"start":{"line":28,"column":76},"end":{"line":43,"column":5}},"locations":[{"start":{"line":28,"column":76},"end":{"line":43,"column":5}}]}},"b":{"0":[0],"1":[0],"2":[4],"3":[2],"4":[2],"5":[2],"6":[0],"7":[1],"8":[1],"9":[1],"10":[0]},"fnMap":{"0":{"name":"api.interceptors.response.use.original","decl":{"start":{"line":23,"column":2},"end":{"line":23,"column":14}},"loc":{"start":{"line":23,"column":2},"end":{"line":23,"column":14}},"line":23}},"f":{"0":2}}
,"/Users/feliu/Desktop/APPs/pimpam/client/src/api/comments.js": {"path":"/Users/feliu/Desktop/APPs/pimpam/client/src/api/comments.js","all":true,"statementMap":{"0":{"start":{"line":1,"column":0},"end":{"line":1,"column":27}},"2":{"start":{"line":3,"column":0},"end":{"line":3,"column":39}},"3":{"start":{"line":4,"column":0},"end":{"line":4,"column":51}},"5":{"start":{"line":6,"column":0},"end":{"line":6,"column":39}},"6":{"start":{"line":7,"column":0},"end":{"line":7,"column":46}},"8":{"start":{"line":9,"column":0},"end":{"line":9,"column":41}},"9":{"start":{"line":10,"column":0},"end":{"line":10,"column":44}},"11":{"start":{"line":12,"column":0},"end":{"line":12,"column":74}},"13":{"start":{"line":14,"column":0},"end":{"line":14,"column":50}},"14":{"start":{"line":15,"column":0},"end":{"line":15,"column":66}},"16":{"start":{"line":17,"column":0},"end":{"line":17,"column":58}},"17":{"start":{"line":18,"column":0},"end":{"line":18,"column":65}}},"s":{"0":0,"2":0,"3":0,"5":0,"6":0,"8":0,"9":0,"11":0,"13":0,"14":0,"16":0,"17":0},"branchMap":{"0":{"type":"branch","line":1,"loc":{"start":{"line":1,"column":0},"end":{"line":18,"column":-295}},"locations":[{"start":{"line":1,"column":0},"end":{"line":18,"column":-295}}]}},"b":{"0":[0]},"fnMap":{"0":{"name":"(empty-report)","decl":{"start":{"line":1,"column":0},"end":{"line":18,"column":-295}},"loc":{"start":{"line":1,"column":0},"end":{"line":18,"column":-295}},"line":1}},"f":{"0":0}}
,"/Users/feliu/Desktop/APPs/pimpam/client/src/api/communities.js": {"path":"/Users/feliu/Desktop/APPs/pimpam/client/src/api/communities.js","all":false,"statementMap":{"0":{"start":{"line":1,"column":0},"end":{"line":1,"column":37}},"2":{"start":{"line":3,"column":0},"end":{"line":3,"column":68}},"4":{"start":{"line":5,"column":0},"end":{"line":5,"column":63}},"6":{"start":{"line":7,"column":0},"end":{"line":7,"column":63}},"8":{"start":{"line":9,"column":0},"end":{"line":9,"column":61}},"10":{"start":{"line":11,"column":0},"end":{"line":11,"column":41}},"11":{"start":{"line":12,"column":0},"end":{"line":12,"column":52}},"13":{"start":{"line":14,"column":0},"end":{"line":14,"column":68}},"15":{"start":{"line":16,"column":0},"end":{"line":16,"column":70}},"17":{"start":{"line":18,"column":0},"end":{"line":18,"column":49}},"18":{"start":{"line":19,"column":0},"end":{"line":19,"column":60}}},"s":{"0":1,"2":1,"4":1,"6":1,"8":1,"10":1,"11":1,"13":1,"15":1,"17":1,"18":1},"branchMap":{},"b":{},"fnMap":{"0":{"name":"list","decl":{"start":{"line":3,"column":20},"end":{"line":3,"column":67}},"loc":{"start":{"line":3,"column":20},"end":{"line":3,"column":67}},"line":3},"1":{"name":"listJoined","decl":{"start":{"line":5,"column":26},"end":{"line":5,"column":62}},"loc":{"start":{"line":5,"column":26},"end":{"line":5,"column":62}},"line":5},"2":{"name":"create","decl":{"start":{"line":7,"column":22},"end":{"line":7,"column":62}},"loc":{"start":{"line":7,"column":22},"end":{"line":7,"column":62}},"line":7},"3":{"name":"get","decl":{"start":{"line":9,"column":19},"end":{"line":9,"column":60}},"loc":{"start":{"line":9,"column":19},"end":{"line":9,"column":60}},"line":9},"4":{"name":"getPosts","decl":{"start":{"line":11,"column":24},"end":{"line":12,"column":51}},"loc":{"start":{"line":11,"column":24},"end":{"line":12,"column":51}},"line":11},"5":{"name":"join","decl":{"start":{"line":14,"column":20},"end":{"line":14,"column":67}},"loc":{"start":{"line":14,"column":20},"end":{"line":14,"column":67}},"line":14},"6":{"name":"leave","decl":{"start":{"line":16,"column":21},"end":{"line":16,"column":69}},"loc":{"start":{"line":16,"column":21},"end":{"line":16,"column":69}},"line":16},"7":{"name":"getMemberKarma","decl":{"start":{"line":18,"column":30},"end":{"line":19,"column":59}},"loc":{"start":{"line":18,"column":30},"end":{"line":19,"column":59}},"line":18}},"f":{"0":0,"1":0,"2":0,"3":0,"4":0,"5":0,"6":0,"7":0}}
,"/Users/feliu/Desktop/APPs/pimpam/client/src/api/feed.js": {"path":"/Users/feliu/Desktop/APPs/pimpam/client/src/api/feed.js","all":true,"statementMap":{"0":{"start":{"line":1,"column":0},"end":{"line":1,"column":27}},"2":{"start":{"line":3,"column":0},"end":{"line":3,"column":64}},"4":{"start":{"line":5,"column":0},"end":{"line":5,"column":77}},"6":{"start":{"line":7,"column":0},"end":{"line":7,"column":69}}},"s":{"0":0,"2":0,"4":0,"6":0},"branchMap":{"0":{"type":"branch","line":1,"loc":{"start":{"line":1,"column":243},"end":{"line":7,"column":69}},"locations":[{"start":{"line":1,"column":243},"end":{"line":7,"column":69}}]}},"b":{"0":[0]},"fnMap":{"0":{"name":"(empty-report)","decl":{"start":{"line":1,"column":243},"end":{"line":7,"column":69}},"loc":{"start":{"line":1,"column":243},"end":{"line":7,"column":69}},"line":1}},"f":{"0":0}}
,"/Users/feliu/Desktop/APPs/pimpam/client/src/api/friendGroups.js": {"path":"/Users/feliu/Desktop/APPs/pimpam/client/src/api/friendGroups.js","all":true,"statementMap":{"0":{"start":{"line":1,"column":0},"end":{"line":1,"column":27}},"2":{"start":{"line":3,"column":0},"end":{"line":3,"column":52}},"4":{"start":{"line":5,"column":0},"end":{"line":5,"column":69}},"6":{"start":{"line":7,"column":0},"end":{"line":7,"column":77}},"8":{"start":{"line":9,"column":0},"end":{"line":9,"column":65}},"10":{"start":{"line":11,"column":0},"end":{"line":11,"column":35}},"11":{"start":{"line":12,"column":0},"end":{"line":12,"column":46}},"13":{"start":{"line":14,"column":0},"end":{"line":14,"column":65}},"15":{"start":{"line":16,"column":0},"end":{"line":16,"column":41}},"16":{"start":{"line":17,"column":0},"end":{"line":17,"column":56}},"18":{"start":{"line":19,"column":0},"end":{"line":19,"column":43}},"19":{"start":{"line":20,"column":0},"end":{"line":20,"column":55}}},"s":{"0":0,"2":0,"4":0,"6":0,"8":0,"10":0,"11":0,"13":0,"15":0,"16":0,"18":0,"19":0},"branchMap":{"0":{"type":"branch","line":1,"loc":{"start":{"line":1,"column":650},"end":{"line":20,"column":55}},"locations":[{"start":{"line":1,"column":650},"end":{"line":20,"column":55}}]}},"b":{"0":[0]},"fnMap":{"0":{"name":"(empty-report)","decl":{"start":{"line":1,"column":650},"end":{"line":20,"column":55}},"loc":{"start":{"line":1,"column":650},"end":{"line":20,"column":55}},"line":1}},"f":{"0":0}}
,"/Users/feliu/Desktop/APPs/pimpam/client/src/api/media.js": {"path":"/Users/feliu/Desktop/APPs/pimpam/client/src/api/media.js","all":true,"statementMap":{"0":{"start":{"line":1,"column":0},"end":{"line":1,"column":27}},"2":{"start":{"line":3,"column":0},"end":{"line":3,"column":45}},"3":{"start":{"line":4,"column":0},"end":{"line":4,"column":30}},"4":{"start":{"line":5,"column":0},"end":{"line":5,"column":28}},"5":{"start":{"line":6,"column":0},"end":{"line":6,"column":67}},"6":{"start":{"line":7,"column":0},"end":{"line":7,"column":43}},"7":{"start":{"line":8,"column":0},"end":{"line":8,"column":5}},"8":{"start":{"line":9,"column":0},"end":{"line":9,"column":2}}},"s":{"0":0,"2":0,"3":0,"4":0,"5":0,"6":0,"7":0,"8":0},"branchMap":{"0":{"type":"branch","line":1,"loc":{"start":{"line":1,"column":0},"end":{"line":9,"column":-99}},"locations":[{"start":{"line":1,"column":0},"end":{"line":9,"column":-99}}]}},"b":{"0":[0]},"fnMap":{"0":{"name":"(empty-report)","decl":{"start":{"line":1,"column":0},"end":{"line":9,"column":-99}},"loc":{"start":{"line":1,"column":0},"end":{"line":9,"column":-99}},"line":1}},"f":{"0":0}}
,"/Users/feliu/Desktop/APPs/pimpam/client/src/api/messages.js": {"path":"/Users/feliu/Desktop/APPs/pimpam/client/src/api/messages.js","all":true,"statementMap":{"0":{"start":{"line":1,"column":0},"end":{"line":1,"column":27}},"2":{"start":{"line":3,"column":0},"end":{"line":3,"column":58}},"4":{"start":{"line":5,"column":0},"end":{"line":5,"column":51}},"6":{"start":{"line":7,"column":0},"end":{"line":7,"column":47}},"7":{"start":{"line":8,"column":0},"end":{"line":8,"column":38}},"9":{"start":{"line":10,"column":0},"end":{"line":10,"column":40}},"10":{"start":{"line":11,"column":0},"end":{"line":11,"column":45}}},"s":{"0":0,"2":0,"4":0,"6":0,"7":0,"9":0,"10":0},"branchMap":{"0":{"type":"branch","line":1,"loc":{"start":{"line":1,"column":0},"end":{"line":11,"column":-161}},"locations":[{"start":{"line":1,"column":0},"end":{"line":11,"column":-161}}]}},"b":{"0":[0]},"fnMap":{"0":{"name":"(empty-report)","decl":{"start":{"line":1,"column":0},"end":{"line":11,"column":-161}},"loc":{"start":{"line":1,"column":0},"end":{"line":11,"column":-161}},"line":1}},"f":{"0":0}}
,"/Users/feliu/Desktop/APPs/pimpam/client/src/api/moderation.js": {"path":"/Users/feliu/Desktop/APPs/pimpam/client/src/api/moderation.js","all":true,"statementMap":{"0":{"start":{"line":1,"column":0},"end":{"line":1,"column":27}},"2":{"start":{"line":3,"column":0},"end":{"line":3,"column":43}},"3":{"start":{"line":4,"column":0},"end":{"line":4,"column":53}},"5":{"start":{"line":6,"column":0},"end":{"line":6,"column":44}},"6":{"start":{"line":7,"column":0},"end":{"line":7,"column":59}},"8":{"start":{"line":9,"column":0},"end":{"line":9,"column":49}},"9":{"start":{"line":10,"column":0},"end":{"line":10,"column":59}},"11":{"start":{"line":12,"column":0},"end":{"line":12,"column":50}},"12":{"start":{"line":13,"column":0},"end":{"line":13,"column":65}},"14":{"start":{"line":15,"column":0},"end":{"line":15,"column":41}},"15":{"start":{"line":16,"column":0},"end":{"line":16,"column":46}},"17":{"start":{"line":18,"column":0},"end":{"line":18,"column":44}},"18":{"start":{"line":19,"column":0},"end":{"line":19,"column":59}},"20":{"start":{"line":21,"column":0},"end":{"line":21,"column":71}},"22":{"start":{"line":23,"column":0},"end":{"line":23,"column":43}},"23":{"start":{"line":24,"column":0},"end":{"line":24,"column":49}},"25":{"start":{"line":26,"column":0},"end":{"line":26,"column":45}},"26":{"start":{"line":27,"column":0},"end":{"line":27,"column":60}},"28":{"start":{"line":29,"column":0},"end":{"line":29,"column":77}},"30":{"start":{"line":31,"column":0},"end":{"line":31,"column":41}},"31":{"start":{"line":32,"column":0},"end":{"line":32,"column":52}},"33":{"start":{"line":34,"column":0},"end":{"line":34,"column":44}},"34":{"start":{"line":35,"column":0},"end":{"line":35,"column":65}},"36":{"start":{"line":37,"column":0},"end":{"line":37,"column":46}},"37":{"start":{"line":38,"column":0},"end":{"line":38,"column":60}},"39":{"start":{"line":40,"column":0},"end":{"line":40,"column":60}},"40":{"start":{"line":41,"column":0},"end":{"line":41,"column":77}},"41":{"start":{"line":42,"column":0},"end":{"line":42,"column":11}},"42":{"start":{"line":43,"column":0},"end":{"line":43,"column":5}}},"s":{"0":0,"2":0,"3":0,"5":0,"6":0,"8":0,"9":0,"11":0,"12":0,"14":0,"15":0,"17":0,"18":0,"20":0,"22":0,"23":0,"25":0,"26":0,"28":0,"30":0,"31":0,"33":0,"34":0,"36":0,"37":0,"39":0,"40":0,"41":0,"42":0},"branchMap":{"0":{"type":"branch","line":1,"loc":{"start":{"line":1,"column":0},"end":{"line":43,"column":-847}},"locations":[{"start":{"line":1,"column":0},"end":{"line":43,"column":-847}}]}},"b":{"0":[0]},"fnMap":{"0":{"name":"(empty-report)","decl":{"start":{"line":1,"column":0},"end":{"line":43,"column":-847}},"loc":{"start":{"line":1,"column":0},"end":{"line":43,"column":-847}},"line":1}},"f":{"0":0}}
,"/Users/feliu/Desktop/APPs/pimpam/client/src/api/notifications.js": {"path":"/Users/feliu/Desktop/APPs/pimpam/client/src/api/notifications.js","all":true,"statementMap":{"0":{"start":{"line":1,"column":0},"end":{"line":1,"column":27}},"2":{"start":{"line":3,"column":0},"end":{"line":3,"column":70}},"4":{"start":{"line":5,"column":0},"end":{"line":5,"column":75}},"6":{"start":{"line":7,"column":0},"end":{"line":7,"column":70}},"8":{"start":{"line":9,"column":0},"end":{"line":9,"column":71}},"10":{"start":{"line":11,"column":0},"end":{"line":11,"column":74}},"12":{"start":{"line":13,"column":0},"end":{"line":13,"column":63}},"13":{"start":{"line":14,"column":0},"end":{"line":14,"column":74}}},"s":{"0":0,"2":0,"4":0,"6":0,"8":0,"10":0,"12":0,"13":0},"branchMap":{"0":{"type":"branch","line":1,"loc":{"start":{"line":1,"column":537},"end":{"line":14,"column":74}},"locations":[{"start":{"line":1,"column":537},"end":{"line":14,"column":74}}]}},"b":{"0":[0]},"fnMap":{"0":{"name":"(empty-report)","decl":{"start":{"line":1,"column":537},"end":{"line":14,"column":74}},"loc":{"start":{"line":1,"column":537},"end":{"line":14,"column":74}},"line":1}},"f":{"0":0}}
,"/Users/feliu/Desktop/APPs/pimpam/client/src/api/posts.js": {"path":"/Users/feliu/Desktop/APPs/pimpam/client/src/api/posts.js","all":true,"statementMap":{"0":{"start":{"line":1,"column":0},"end":{"line":1,"column":27}},"2":{"start":{"line":3,"column":0},"end":{"line":3,"column":57}},"4":{"start":{"line":5,"column":0},"end":{"line":5,"column":51}},"6":{"start":{"line":7,"column":0},"end":{"line":7,"column":66}},"8":{"start":{"line":9,"column":0},"end":{"line":9,"column":57}},"10":{"start":{"line":11,"column":0},"end":{"line":11,"column":38}},"11":{"start":{"line":12,"column":0},"end":{"line":12,"column":47}},"13":{"start":{"line":14,"column":0},"end":{"line":14,"column":67}},"15":{"start":{"line":16,"column":0},"end":{"line":16,"column":60}},"17":{"start":{"line":18,"column":0},"end":{"line":18,"column":72}},"19":{"start":{"line":20,"column":0},"end":{"line":20,"column":38}},"20":{"start":{"line":21,"column":0},"end":{"line":21,"column":54}}},"s":{"0":0,"2":0,"4":0,"6":0,"8":0,"10":0,"11":0,"13":0,"15":0,"17":0,"19":0,"20":0},"branchMap":{"0":{"type":"branch","line":1,"loc":{"start":{"line":1,"column":654},"end":{"line":21,"column":54}},"locations":[{"start":{"line":1,"column":654},"end":{"line":21,"column":54}}]}},"b":{"0":[0]},"fnMap":{"0":{"name":"(empty-report)","decl":{"start":{"line":1,"column":654},"end":{"line":21,"column":54}},"loc":{"start":{"line":1,"column":654},"end":{"line":21,"column":54}},"line":1}},"f":{"0":0}}
,"/Users/feliu/Desktop/APPs/pimpam/client/src/api/search.js": {"path":"/Users/feliu/Desktop/APPs/pimpam/client/src/api/search.js","all":true,"statementMap":{"0":{"start":{"line":1,"column":0},"end":{"line":1,"column":27}},"2":{"start":{"line":3,"column":0},"end":{"line":3,"column":65}}},"s":{"0":0,"2":0},"branchMap":{"0":{"type":"branch","line":1,"loc":{"start":{"line":1,"column":0},"end":{"line":3,"column":-2}},"locations":[{"start":{"line":1,"column":0},"end":{"line":3,"column":-2}}]}},"b":{"0":[0]},"fnMap":{"0":{"name":"(empty-report)","decl":{"start":{"line":1,"column":0},"end":{"line":3,"column":-2}},"loc":{"start":{"line":1,"column":0},"end":{"line":3,"column":-2}},"line":1}},"f":{"0":0}}
,"/Users/feliu/Desktop/APPs/pimpam/client/src/api/stories.js": {"path":"/Users/feliu/Desktop/APPs/pimpam/client/src/api/stories.js","all":true,"statementMap":{"0":{"start":{"line":1,"column":0},"end":{"line":1,"column":27}},"2":{"start":{"line":3,"column":0},"end":{"line":3,"column":59}},"4":{"start":{"line":5,"column":0},"end":{"line":5,"column":72}},"6":{"start":{"line":7,"column":0},"end":{"line":7,"column":52}},"8":{"start":{"line":9,"column":0},"end":{"line":9,"column":59}},"10":{"start":{"line":11,"column":0},"end":{"line":11,"column":64}}},"s":{"0":0,"2":0,"4":0,"6":0,"8":0,"10":0},"branchMap":{"0":{"type":"branch","line":1,"loc":{"start":{"line":1,"column":0},"end":{"line":11,"column":-151}},"locations":[{"start":{"line":1,"column":0},"end":{"line":11,"column":-151}}]}},"b":{"0":[0]},"fnMap":{"0":{"name":"(empty-report)","decl":{"start":{"line":1,"column":0},"end":{"line":11,"column":-151}},"loc":{"start":{"line":1,"column":0},"end":{"line":11,"column":-151}},"line":1}},"f":{"0":0}}
,"/Users/feliu/Desktop/APPs/pimpam/client/src/api/users.js": {"path":"/Users/feliu/Desktop/APPs/pimpam/client/src/api/users.js","all":false,"statementMap":{"0":{"start":{"line":1,"column":0},"end":{"line":1,"column":37}},"2":{"start":{"line":3,"column":0},"end":{"line":3,"column":48}},"4":{"start":{"line":5,"column":0},"end":{"line":5,"column":63}},"6":{"start":{"line":7,"column":0},"end":{"line":7,"column":67}},"8":{"start":{"line":9,"column":0},"end":{"line":9,"column":49}},"9":{"start":{"line":10,"column":0},"end":{"line":10,"column":50}},"11":{"start":{"line":12,"column":0},"end":{"line":12,"column":49}},"12":{"start":{"line":13,"column":0},"end":{"line":13,"column":54}},"14":{"start":{"line":15,"column":0},"end":{"line":15,"column":49}},"15":{"start":{"line":16,"column":0},"end":{"line":16,"column":54}},"17":{"start":{"line":18,"column":0},"end":{"line":18,"column":74}},"19":{"start":{"line":20,"column":0},"end":{"line":20,"column":78}},"21":{"start":{"line":22,"column":0},"end":{"line":22,"column":42}},"22":{"start":{"line":23,"column":0},"end":{"line":23,"column":45}},"24":{"start":{"line":25,"column":0},"end":{"line":25,"column":72}},"26":{"start":{"line":27,"column":0},"end":{"line":27,"column":65}},"28":{"start":{"line":29,"column":0},"end":{"line":29,"column":69}}},"s":{"0":1,"2":1,"4":1,"6":1,"8":1,"9":1,"11":1,"12":1,"14":1,"15":1,"17":1,"19":1,"21":1,"22":1,"24":1,"26":1,"28":1},"branchMap":{"0":{"type":"branch","line":7,"loc":{"start":{"line":7,"column":23},"end":{"line":7,"column":66}},"locations":[{"start":{"line":7,"column":23},"end":{"line":7,"column":66}}]}},"b":{"0":[1]},"fnMap":{"0":{"name":"getMe","decl":{"start":{"line":3,"column":21},"end":{"line":3,"column":47}},"loc":{"start":{"line":3,"column":21},"end":{"line":3,"column":47}},"line":3},"1":{"name":"updateMe","decl":{"start":{"line":5,"column":24},"end":{"line":5,"column":62}},"loc":{"start":{"line":5,"column":24},"end":{"line":5,"column":62}},"line":5},"2":{"name":"getUser","decl":{"start":{"line":7,"column":23},"end":{"line":7,"column":66}},"loc":{"start":{"line":7,"column":23},"end":{"line":7,"column":66}},"line":7},"3":{"name":"getUserPosts","decl":{"start":{"line":9,"column":28},"end":{"line":10,"column":49}},"loc":{"start":{"line":9,"column":28},"end":{"line":10,"column":49}},"line":9},"4":{"name":"getFollowers","decl":{"start":{"line":12,"column":28},"end":{"line":13,"column":53}},"loc":{"start":{"line":12,"column":28},"end":{"line":13,"column":53}},"line":12},"5":{"name":"getFollowing","decl":{"start":{"line":15,"column":28},"end":{"line":16,"column":53}},"loc":{"start":{"line":15,"column":28},"end":{"line":16,"column":53}},"line":15},"6":{"name":"follow","decl":{"start":{"line":18,"column":22},"end":{"line":18,"column":73}},"loc":{"start":{"line":18,"column":22},"end":{"line":18,"column":73}},"line":18},"7":{"name":"unfollow","decl":{"start":{"line":20,"column":24},"end":{"line":20,"column":77}},"loc":{"start":{"line":20,"column":24},"end":{"line":20,"column":77}},"line":20},"8":{"name":"deleteAccount","decl":{"start":{"line":22,"column":29},"end":{"line":23,"column":44}},"loc":{"start":{"line":22,"column":29},"end":{"line":23,"column":44}},"line":22},"9":{"name":"cancelDeletion","decl":{"start":{"line":25,"column":30},"end":{"line":25,"column":71}},"loc":{"start":{"line":25,"column":30},"end":{"line":25,"column":71}},"line":25},"10":{"name":"exportData","decl":{"start":{"line":27,"column":26},"end":{"line":27,"column":64}},"loc":{"start":{"line":27,"column":26},"end":{"line":27,"column":64}},"line":27},"11":{"name":"getSuggestions","decl":{"start":{"line":29,"column":30},"end":{"line":29,"column":68}},"loc":{"start":{"line":29,"column":30},"end":{"line":29,"column":68}},"line":29}},"f":{"0":0,"1":0,"2":1,"3":0,"4":0,"5":0,"6":0,"7":0,"8":0,"9":0,"10":0,"11":0}}
,"/Users/feliu/Desktop/APPs/pimpam/client/src/components/BottomTabBar.jsx": {"path":"/Users/feliu/Desktop/APPs/pimpam/client/src/components/BottomTabBar.jsx","all":true,"statementMap":{"0":{"start":{"line":1,"column":0},"end":{"line":1,"column":43}},"10":{"start":{"line":11,"column":0},"end":{"line":11,"column":40}},"11":{"start":{"line":12,"column":0},"end":{"line":12,"column":29}},"12":{"start":{"line":13,"column":0},"end":{"line":13,"column":69}},"14":{"start":{"line":15,"column":0},"end":{"line":15,"column":16}},"15":{"start":{"line":16,"column":0},"end":{"line":16,"column":61}},"16":{"start":{"line":17,"column":0},"end":{"line":17,"column":84}},"17":{"start":{"line":18,"column":0},"end":{"line":18,"column":99}},"18":{"start":{"line":19,"column":0},"end":{"line":19,"column":111}},"19":{"start":{"line":20,"column":0},"end":{"line":20,"column":89}},"20":{"start":{"line":21,"column":0},"end":{"line":21,"column":4}},"22":{"start":{"line":23,"column":0},"end":{"line":23,"column":10}},"23":{"start":{"line":24,"column":0},"end":{"line":24,"column":61}},"24":{"start":{"line":25,"column":0},"end":{"line":25,"column":26}},"25":{"start":{"line":26,"column":0},"end":{"line":26,"column":16}},"26":{"start":{"line":27,"column":0},"end":{"line":27,"column":22}},"27":{"start":{"line":28,"column":0},"end":{"line":28,"column":21}},"28":{"start":{"line":29,"column":0},"end":{"line":29,"column":30}},"29":{"start":{"line":30,"column":0},"end":{"line":30,"column":38}},"30":{"start":{"line":31,"column":0},"end":{"line":31,"column":60}},"32":{"start":{"line":33,"column":0},"end":{"line":33,"column":32}},"34":{"start":{"line":35,"column":0},"end":{"line":35,"column":44}},"35":{"start":{"line":36,"column":0},"end":{"line":36,"column":22}},"36":{"start":{"line":37,"column":0},"end":{"line":37,"column":31}},"37":{"start":{"line":38,"column":0},"end":{"line":38,"column":80}},"38":{"start":{"line":39,"column":0},"end":{"line":39,"column":52}},"39":{"start":{"line":40,"column":0},"end":{"line":40,"column":21}},"41":{"start":{"line":42,"column":0},"end":{"line":42,"column":17}},"42":{"start":{"line":43,"column":0},"end":{"line":43,"column":59}},"43":{"start":{"line":44,"column":0},"end":{"line":44,"column":18}},"44":{"start":{"line":45,"column":0},"end":{"line":45,"column":9}},"45":{"start":{"line":46,"column":0},"end":{"line":46,"column":10}},"47":{"start":{"line":48,"column":0},"end":{"line":48,"column":1}}},"s":{"0":0,"10":0,"11":0,"12":0,"14":0,"15":0,"16":0,"17":0,"18":0,"19":0,"20":0,"22":0,"23":0,"24":0,"25":0,"26":0,"27":0,"28":0,"29":0,"30":0,"32":0,"34":0,"35":0,"36":0,"37":0,"38":0,"39":0,"41":0,"42":0,"43":0,"44":0,"45":0,"47":0},"branchMap":{"0":{"type":"branch","line":1,"loc":{"start":{"line":1,"column":0},"end":{"line":48,"column":-1102}},"locations":[{"start":{"line":1,"column":0},"end":{"line":48,"column":-1102}}]}},"b":{"0":[0]},"fnMap":{"0":{"name":"(empty-report)","decl":{"start":{"line":1,"column":0},
[...]
,"/Users/feliu/Desktop/APPs/pimpam/client/src/pages/settings/NotificationSettings.jsx": {"path":"/Users/feliu/Desktop/APPs/pimpam/client/src/pages/settings/NotificationSettings.jsx","all":false,"statementMap":{"0":{"start":{"line":1,"column":0},"end":{"line":1,"column":44}},"5":{"start":{"line":6,"column":0},"end":{"line":6,"column":15}},"6":{"start":{"line":7,"column":0},"end":{"line":7,"column":44}},"7":{"start":{"line":8,"column":0},"end":{"line":8,"column":58}},"8":{"start":{"line":9,"column":0},"end":{"line":9,"column":54}},"9":{"start":{"line":10,"column":0},"end":{"line":10,"column":48}},"10":{"start":{"line":11,"column":0},"end":{"line":11,"column":50}},"11":{"start":{"line":12,"column":0},"end":{"line":12,"column":40}},"12":{"start":{"line":13,"column":0},"end":{"line":13,"column":54}},"13":{"start":{"line":14,"column":0},"end":{"line":14,"column":56}},"14":{"start":{"line":15,"column":0},"end":{"line":15,"column":57}},"15":{"start":{"line":16,"column":0},"end":{"line":16,"column":50}},"16":{"start":{"line":17,"column":0},"end":{"line":17,"column":46}},"17":{"start":{"line":18,"column":0},"end":{"line":18,"column":52}},"18":{"start":{"line":19,"column":0},"end":{"line":19,"column":50}},"19":{"start":{"line":20,"column":0},"end":{"line":20,"column":48}},"20":{"start":{"line":21,"column":0},"end":{"line":21,"column":2}},"22":{"start":{"line":23,"column":0},"end":{"line":23,"column":48}},"23":{"start":{"line":24,"column":0},"end":{"line":24,"column":54}},"24":{"start":{"line":25,"column":0},"end":{"line":25,"column":47}},"26":{"start":{"line":27,"column":0},"end":{"line":27,"column":19}},"27":{"start":{"line":28,"column":0},"end":{"line":28,"column":20}},"28":{"start":{"line":29,"column":0},"end":{"line":29,"column":23}},"29":{"start":{"line":30,"column":0},"end":{"line":30,"column":52}},"30":{"start":{"line":31,"column":0},"end":{"line":31,"column":22}},"31":{"start":{"line":32,"column":0},"end":{"line":32,"column":40}},"32":{"start":{"line":33,"column":0},"end":{"line":33,"column":9}},"34":{"start":{"line":35,"column":0},"end":{"line":35,"column":34}},"35":{"start":{"line":36,"column":0},"end":{"line":36,"column":51}},"37":{"start":{"line":38,"column":0},"end":{"line":38,"column":27}},"38":{"start":{"line":39,"column":0},"end":{"line":39,"column":33}},"39":{"start":{"line":40,"column":0},"end":{"line":40,"column":49}},"40":{"start":{"line":41,"column":0},"end":{"line":41,"column":26}},"41":{"start":{"line":42,"column":0},"end":{"line":42,"column":18}},"42":{"start":{"line":43,"column":0},"end":{"line":43,"column":7}},"43":{"start":{"line":44,"column":0},"end":{"line":44,"column":9}},"44":{"start":{"line":45,"column":0},"end":{"line":45,"column":73}},"45":{"start":{"line":46,"column":0},"end":{"line":46,"column":13}},"47":{"start":{"line":48,"column":0},"end":{"line":48,"column":29}},"48":{"start":{"line":49,"column":0},"end":{"line":49,"column":35}},"49":{"start":{"line":50,"column":0},"end":{"line":50,"column":48}},"50":{"start":{"line":51,"column":0},"end":{"line":51,"column":31}},"51":{"start":{"line":52,"column":0},"end":{"line":52,"column":20}},"52":{"start":{"line":53,"column":0},"end":{"line":53,"column":9}},"53":{"start":{"line":54,"column":0},"end":{"line":54,"column":5}},"54":{"start":{"line":55,"column":0},"end":{"line":55,"column":4}},"56":{"start":{"line":57,"column":0},"end":{"line":57,"column":16}},"57":{"start":{"line":58,"column":0},"end":{"line":58,"column":70}},"58":{"start":{"line":59,"column":0},"end":{"line":59,"column":3}},"60":{"start":{"line":61,"column":0},"end":{"line":61,"column":10}},"61":{"start":{"line":62,"column":0},"end":{"line":62,"column":40}},"62":{"start":{"line":63,"column":0},"end":{"line":63,"column":66}},"63":{"start":{"line":64,"column":0},"end":{"line":64,"column":76}},"64":{"start":{"line":65,"column":0},"end":{"line":65,"column":41}},"65":{"start":{"line":66,"column":0},"end":{"line":66,"column":40}},"66":{"start":{"line":67,"column":0},"end":{"line":67,"column":56}},"67":{"start":{"line":68,"column":0},"end":{"line":68,"column":32}},"68":{"start":{"line":69,"column":0},"end":{"line":69,"column":18}},"69":{"start":{"line":70,"column":0},"end":{"line":70,"column":29}},"70":{"start":{"line":71,"column":0},"end":{"line":71,"column":42}},"71":{"start":{"line":72,"column":0},"end":{"line":72,"column":42}},"72":{"start":{"line":73,"column":0},"end":{"line":73,"column":39}},"73":{"start":{"line":74,"column":0},"end":{"line":74,"column":14}},"74":{"start":{"line":75,"column":0},"end":{"line":75,"column":18}},"75":{"start":{"line":76,"column":0},"end":{"line":76,"column":11}},"76":{"start":{"line":77,"column":0},"end":{"line":77,"column":12}},"77":{"start":{"line":78,"column":0},"end":{"line":78,"column":14}},"79":{"start":{"line":80,"column":0},"end":{"line":80,"column":1}}},"s":{"0":1,"5":1,"6":1,"7":1,"8":1,"9":1,"10":1,"11":1,"12":1,"13":1,"14":1,"15":1,"16":1,"17":1,"18":1,"19":1,"20":1,"22":7,"23":7,"24":7,"26":7,"27":3,"28":3,"29":3,"30":3,"31":3,"32":7,"34":7,"35":1,"37":1,"38":1,"39":1,"40":1,"41":1,"42":1,"43":1,"44":1,"45":1,"47":0,"48":0,"49":0,"50":0,"51":0,"52":0,"53":0,"54":1,"56":7,"57":3,"58":3,"60":4,"61":4,"62":4,"63":4,"64":4,"65":4,"66":56,"67":56,"68":56,"69":56,"70":56,"71":56,"72":56,"73":56,"74":56,"75":4,"76":4,"77":4,"79":4},"branchMap":{"0":{"type":"branch","line":23,"loc":{"start":{"line":23,"column":0},"end":{"line":80,"column":1}},"locations":[{"start":{"line":23,"column":0},"end":{"line":80,"column":1}}]},"1":{"type":"branch","line":57,"loc":{"start":{"line":57,"column":15},"end":{"line":59,"column":3}},"locations":[{"start":{"line":57,"column":15},"end":{"line":59,"column":3}}]},"2":{"type":"branch","line":59,"loc":{"start":{"line":59,"column":2},"end":{"line":80,"column":1}},"locations":[{"start":{"line":59,"column":2},"end":{"line":80,"column":1}}]},"3":{"type":"branch","line":27,"loc":{"start":{"line":27,"column":12},"end":{"line":33,"column":5}},"locations":[{"start":{"line":27,"column":12},"end":{"line":33,"column":5}}]},"4":{"type":"branch","line":30,"loc":{"start":{"line":30,"column":12},"end":{"line":30,"column":51}},"locations":[{"start":{"line":30,"column":12},"end":{"line":30,"column":51}}]},"5":{"type":"branch","line":32,"loc":{"start":{"line":32,"column":15},"end":{"line":32,"column":38}},"locations":[{"start":{"line":32,"column":15},"end":{"line":32,"column":38}}]},"6":{"type":"branch","line":35,"loc":{"start":{"line":35,"column":17},"end":{"line":55,"column":4}},"locations":[{"start":{"line":35,"column":17},"end":{"line":55,"column":4}}]},"7":{"type":"branch","line":46,"loc":{"start":{"line":46,"column":4},"end":{"line":54,"column":5}},"locations":[{"start":{"line":46,"column":4},"end":{"line":54,"column":5}}]},"8":{"type":"branch","line":38,"loc":{"start":{"line":38,"column":16},"end":{"line":43,"column":5}},"locations":[{"start":{"line":38,"column":16},"end":{"line":43,"column":5}}]},"9":{"type":"branch","line":40,"loc":{"start":{"line":40,"column":31},"end":{"line":40,"column":49}},"locations":[{"start":{"line":40,"column":31},"end":{"line":40,"column":49}}]},"10":{"type":"branch","line":66,"loc":{"start":{"line":66,"column":19},"end":{"line":75,"column":18}},"locations":[{"start":{"line":66,"column":19},"end":{"line":75,"column":18}}]},"11":{"type":"branch","line":72,"loc":{"start":{"line":72,"column":24},"end":{"line":72,"column":42}},"locations":[{"start":{"line":72,"column":24},"end":{"line":72,"column":42}}]}},"b":{"0":[7],"1":[3],"2":[4],"3":[3],"4":[3],"5":[3],"6":[1],"7":[0],"8":[1],"9":[0],"10":[56],"11":[1]},"fnMap":{"0":{"name":"NotificationSettings","decl":{"start":{"line":23,"column":0},"end":{"line":80,"column":1}},"loc":{"start":{"line":23,"column":0},"end":{"line":80,"column":1}},"line":23},"1":{"name":"toggle","decl":{"start":{"line":35,"column":17},"end":{"line":55,"column":4}},"loc":{"start":{"line":35,"column":17},"end":{"line":55,"column":4}},"line":35},"2":{"name":"onChange","decl":{"start":{"line":72,"column":24},"end":{"line":72,"column":42}},"loc":{"start":{"line":72,"column":24},"end":{"line":72,"column":42}},"line":72}},"f":{"0":7,"1":1,"2":1}}
,"/Users/feliu/Desktop/APPs/pimpam/client/src/pages/settings/ProfileSettings.jsx": {"path":"/Users/feliu/Desktop/APPs/pimpam/client/src/pages/settings/ProfileSettings.jsx","all":true,"statementMap":{"0":{"start":{"line":1,"column":0},"end":{"line":1,"column":33}},"7":{"start":{"line":8,"column":0},"end":{"line":8,"column":43}},"8":{"start":{"line":9,"column":0},"end":{"line":9,"column":41}},"9":{"start":{"line":10,"column":0},"end":{"line":10,"column":75}},"10":{"start":{"line":11,"column":0},"end":{"line":11,"column":50}},"11":{"start":{"line":12,"column":0},"end":{"line":12,"column":71}},"12":{"start":{"line":13,"column":0},"end":{"line":13,"column":52}},"13":{"start":{"line":14,"column":0},"end":{"line":14,"column":46}},"14":{"start":{"line":15,"column":0},"end":{"line":15,"column":45}},"16":{"start":{"line":17,"column":0},"end":{"line":17,"column":43}},"17":{"start":{"line":18,"column":0},"end":{"line":18,"column":37}},"18":{"start":{"line":19,"column":0},"end":{"line":19,"column":22}},"19":{"start":{"line":20,"column":0},"end":{"line":20,"column":23}},"20":{"start":{"line":21,"column":0},"end":{"line":21,"column":20}},"21":{"start":{"line":22,"column":0},"end":{"line":22,"column":9}},"22":{"start":{"line":23,"column":0},"end":{"line":23,"column":56}},"23":{"start":{"line":24,"column":0},"end":{"line":24,"column":37}},"24":{"start":{"line":25,"column":0},"end":{"line":25,"column":13}},"25":{"start":{"line":26,"column":0},"end":{"line":26,"column":66}},"26":{"start":{"line":27,"column":0},"end":{"line":27,"column":15}},"27":{"start":{"line":28,"column":0},"end":{"line":28,"column":26}},"28":{"start":{"line":29,"column":0},"end":{"line":29,"column":5}},"29":{"start":{"line":30,"column":0},"end":{"line":30,"column":4}},"31":{"start":{"line":32,"column":0},"end":{"line":32,"column":37}},"32":{"start":{"line":33,"column":0},"end":{"line":33,"column":23}},"33":{"start":{"line":34,"column":0},"end":{"line":34,"column":23}},"34":{"start":{"line":35,"column":0},"end":{"line":35,"column":20}},"35":{"start":{"line":36,"column":0},"end":{"line":36,"column":20}},"36":{"start":{"line":37,"column":0},"end":{"line":37,"column":9}},"37":{"start":{"line":38,"column":0},"end":{"line":38,"column":43}},"38":{"start":{"line":39,"column":0},"end":{"line":39,"column":42}},"39":{"start":{"line":40,"column":0},"end":{"line":40,"column":25}},"40":{"start":{"line":41,"column":0},"end":{"line":41,"column":42}},"41":{"start":{"line":42,"column":0},"end":{"line":42,"column":9}},"42":{"start":{"line":43,"column":0},"end":{"line":43,"column":27}},"43":{"start":{"line":44,"column":0},"end":{"line":44,"column":62}},"44":{"start":{"line":45,"column":0},"end":{"line":45,"column":13}},"45":{"start":{"line":46,"column":0},"end":{"line":46,"column":66}},"46":{"start":{"line":47,"column":0},"end":{"line":47,"column":15}},"47":{"start":{"line":48,"column":0},"end":{"line":48,"column":23}},"48":{"start":{"line":49,"column":0},"end":{"line":49,"column":5}},"49":{"start":{"line":50,"column":0},"end":{"line":50,"column":4}},"51":{"start":{"line":52,"column":0},"end":{"line":52,"column":10}},"52":{"start":{"line":53,"column":0},"end":{"line":53,"column":40}},"53":{"start":{"line":54,"column":0},"end":{"line":54,"column":49}},"54":{"start":{"line":55,"column":0},"end":{"line":55,"column":60}},"55":{"start":{"line":56,"column":0},"end":{"line":56,"column":42}},"56":{"start":{"line":57,"column":0},"end":{"line":57,"column":77}},"57":{"start":{"line":58,"column":0},"end":{"line":58,"column":48}},"58":{"start":{"line":59,"column":0},"end":{"line":59,"column":57}},"59":{"start":{"line":60,"column":0},"end":{"line":60,"column":18}},"60":{"start":{"line":61,"column":0},"end":{"line":61,"column":25}},"61":{"start":{"line":62,"column":0},"end":{"line":62,"column":54}},"62":{"start":{"line":63,"column":0},"end":{"line":63,"column":43}},"63":{"start":{"line":64,"column":0},"end":{"line":64,"column":42}},"64":{"start":{"line":65,"column":0},"end":{"line":65,"column":34}},"65":{"start":{"line":66,"column":0},"end":{"line":66,"column":14}},"66":{"start":{"line":67,"column":0},"end":{"line":67,"column":18}},"67":{"start":{"line":68,"column":0},"end":{"line":68,"column":14}},"69":{"start":{"line":70,"column":0},"end":{"line":70,"column":40}},"71":{"start":{"line":72,"column":0},"end":{"line":72,"column":16}},"72":{"start":{"line":73,"column":0},"end":{"line":73,"column":36}},"73":{"start":{"line":74,"column":0},"end":{"line":74,"column":31}},"74":{"start":{"line":75,"column":0},"end":{"line":75,"column":60}},"75":{"start":{"line":76,"column":0},"end":{"line":76,"column":27}},"76":{"start":{"line":77,"column":0},"end":{"line":77,"column":43}},"77":{"start":{"line":78,"column":0},"end":{"line":78,"column":12}},"78":{"start":{"line":79,"column":0},"end":{"line":79,"column":16}},"80":{"start":{"line":81,"column":0},"end":{"line":81,"column":40}},"82":{"start":{"line":83,"column":0},"end":{"line":83,"column":19}},"83":{"start":{"line":84,"column":0},"end":{"line":84,"column":39}},"84":{"start":{"line":85,"column":0},"end":{"line":85,"column":23}},"85":{"start":{"line":86,"column":0},"end":{"line":86,"column":52}},"86":{"start":{"line":87,"column":0},"end":{"line":87,"column":27}},"87":{"start":{"line":88,"column":0},"end":{"line":88,"column":52}},"88":{"start":{"line":89,"column":0},"end":{"line":89,"column":20}},"89":{"start":{"line":90,"column":0},"end":{"line":90,"column":12}},"90":{"start":{"line":91,"column":0},"end":{"line":91,"column":16}},"92":{"start":{"line":93,"column":0},"end":{"line":93,"column":20}},"93":{"start":{"line":94,"column":0},"end":{"line":94,"column":94}},"94":{"start":{"line":95,"column":0},"end":{"line":95,"column":24}},"95":{"start":{"line":96,"column":0},"end":{"line":96,"column":14}},"98":{"start":{"line":99,"column":0},"end":{"line":99,"column":84}},"99":{"start":{"line":100,"column":0},"end":{"line":100,"column":41}},"100":{"start":{"line":101,"column":0},"end":{"line":101,"column":17}},"101":{"start":{"line":102,"column":0},"end":{"line":102,"column":13}},"102":{"start":{"line":103,"column":0},"end":{"line":103,"column":14}},"104":{"start":{"line":105,"column":0},"end":{"line":105,"column":1}}},"s":{"0":0,"7":0,"8":0,"9":0,"10":0,"11":0,"12":0,"13":0,"14":0,"16":0,"17":0,"18":0,"19":0,"20":0,"21":0,"22":0,"23":0,"24":0,"25":0,"26":0,"27":0,"28":0,"29":0,"31":0,"32":0,"33":0,"34":0,"35":0,"36":0,"37":0,"38":0,"39":0,"40":0,"41":0,"42":0,"43":0,"44":0,"45":0,"46":0,"47":0,"48":0,"49":0,"51":0,"52":0,"53":0,"54":0,"55":0,"56":0,"57":0,"58":0,"59":0,"60":0,"61":0,"62":0,"63":0,"64":0,"65":0,"66":0,"67":0,"69":0,"71":0,"72":0,"73":0,"74":0,"75":0,"76":0,"77":0,"78":0,"80":0,"82":0,"83":0,"84":0,"85":0,"86":0,"87":0,"88":0,"89":0,"90":0,"92":0,"93":0,"94":0,"95":0,"98":0,"99":0,"100":0,"101":0,"102":0,"104":0},"branchMap":{"0":{"type":"branch","line":1,"loc":{"start":{"line":1,"column":0},"end":{"line":105,"column":-1432}},"locations":[{"start":{"line":1,"column":0},"end":{"line":105,"column":-1432}}]}},"b":{"0":[0]},"fnMap":{"0":{"name":"(empty-report)","decl":{"start":{"line":1,"column":0},"end":{"line":105,"column":-1432}},"loc":{"start":{"line":1,"column":0},"end":{"line":105,"column":-1432}},"line":1}},"f":{"0":0}}
,"/Users/feliu/Desktop/APPs/pimpam/client/src/utils/seenStories.js": {"path":"/Users/feliu/Desktop/APPs/pimpam/client/src/utils/seenStories.js","all":true,"statementMap":{"0":{"start":{"line":1,"column":0},"end":{"line":1,"column":34}},"2":{"start":{"line":3,"column":0},"end":{"line":3,"column":3}},"3":{"start":{"line":4,"column":0},"end":{"line":4,"column":58}},"4":{"start":{"line":5,"column":0},"end":{"line":5,"column":58}},"5":{"start":{"line":6,"column":0},"end":{"line":6,"column":3}},"6":{"start":{"line":7,"column":0},"end":{"line":7,"column":34}},"7":{"start":{"line":8,"column":0},"end":{"line":8,"column":7}},"8":{"start":{"line":9,"column":0},"end":{"line":9,"column":42}},"9":{"start":{"line":10,"column":0},"end":{"line":10,"column":31}},"10":{"start":{"line":11,"column":0},"end":{"line":11,"column":36}},"11":{"start":{"line":12,"column":0},"end":{"line":12,"column":11}},"12":{"start":{"line":13,"column":0},"end":{"line":13,"column":21}},"13":{"start":{"line":14,"column":0},"end":{"line":14,"column":3}},"14":{"start":{"line":15,"column":0},"end":{"line":15,"column":1}},"16":{"start":{"line":17,"column":0},"end":{"line":17,"column":3}},"17":{"start":{"line":18,"column":0},"end":{"line":18,"column":38}},"18":{"start":{"line":19,"column":0},"end":{"line":19,"column":65}},"19":{"start":{"line":20,"column":0},"end":{"line":20,"column":3}},"20":{"start":{"line":21,"column":0},"end":{"line":21,"column":38}},"21":{"start":{"line":22,"column":0},"end":{"line":22,"column":32}},"22":{"start":{"line":23,"column":0},"end":{"line":23,"column":37}},"24":{"start":{"line":25,"column":0},"end":{"line":25,"column":63}},"25":{"start":{"line":26,"column":0},"end":{"line":26,"column":24}},"26":{"start":{"line":27,"column":0},"end":{"line":27,"column":71}},"28":{"start":{"line":29,"column":0},"end":{"line":29,"column":7}},"29":{"start":{"line":30,"column":0},"end":{"line":30,"column":55}},"30":{"start":{"line":31,"column":0},"end":{"line":31,"column":11}},"31":{"start":{"line":32,"column":0},"end":{"line":32,"column":35}},"32":{"start":{"line":33,"column":0},"end":{"line":33,"column":3}},"33":{"start":{"line":34,"column":0},"end":{"line":34,"column":1}}},"s":{"0":0,"2":0,"3":0,"4":0,"5":0,"6":0,"7":0,"8":0,"9":0,"10":0,"11":0,"12":0,"13":0,"14":0,"16":0,"17":0,"18":0,"19":0,"20":0,"21":0,"22":0,"24":0,"25":0,"26":0,"28":0,"29":0,"30":0,"31":0,"32":0,"33":0},"branchMap":{"0":{"type":"branch","line":1,"loc":{"start":{"line":1,"column":0},"end":{"line":34,"column":-119}},"locations":[{"start":{"line":1,"column":0},"end":{"line":34,"column":-119}}]}},"b":{"0":[0]},"fnMap":{"0":{"name":"(empty-report)","decl":{"start":{"line":1,"column":0},"end":{"line":34,"column":-119}},"loc":{"start":{"line":1,"column":0},"end":{"line":34,"column":-119}},"line":1}},"f":{"0":0}}
}
